root - INFO - 

Network Details:
model_id         = de420ecdf2
gamma            = 0.99
net_size         = 800
buffer_size      = 100
Optimizer        = Adam
Reward_Code      = R = torch.tensor([np.sum(rewards[i:]*(gamma**np.array(range(i, len(rewards))))) for i in range(len(rewards))])



root - INFO - LunarLander(
  (fc1): Sequential(
    (0): Linear(in_features=8, out_features=800, bias=True)
    (1): Dropout(p=0.5, inplace=False)
    (2): ReLU()
  )
  (fc2): Sequential(
    (0): Linear(in_features=800, out_features=4, bias=True)
  )
) 


root - INFO - 
 Performance has improved. Saving model.

root - INFO - Episode:    0 	 Avg_Return:-126.6356
root - INFO - 
 Performance has improved. Saving model.

root - INFO - Episode:    1 	 Avg_Return:-104.5741
root - INFO - 
 Performance has improved. Saving model.

root - INFO - Episode:    2 	 Avg_Return:-95.0411
root - INFO - 
 Performance has improved. Saving model.

root - INFO - Episode:    3 	 Avg_Return:-86.7799
root - INFO - Episode:    4 	 Avg_Return:-181.7926
root - INFO - Episode:    5 	 Avg_Return:-230.5391
root - INFO - Episode:    6 	 Avg_Return:-214.4742
root - INFO - Episode:    7 	 Avg_Return:-197.8615
root - INFO - Episode:    8 	 Avg_Return:-195.4771
root - INFO - Episode:    9 	 Avg_Return:-202.0275
root - INFO - Episode:   10 	 Avg_Return:-213.7944
root - INFO - Episode:   11 	 Avg_Return:-192.2989
root - INFO - Episode:   12 	 Avg_Return:-204.0033
root - INFO - Episode:   13 	 Avg_Return:-197.9092
root - INFO - Episode:   14 	 Avg_Return:-195.7094
root - INFO - Episode:   15 	 Avg_Return:-207.9363
root - INFO - Episode:   16 	 Avg_Return:-220.9452
root - INFO - Episode:   17 	 Avg_Return:-223.8939
root - INFO - Episode:   18 	 Avg_Return:-210.0325
root - INFO - Episode:   19 	 Avg_Return:-208.7040
root - INFO - Episode:   20 	 Avg_Return:-207.8346
root - INFO - Episode:   21 	 Avg_Return:-210.1912
root - INFO - Episode:   22 	 Avg_Return:-216.0821
root - INFO - Episode:   23 	 Avg_Return:-208.1716
root - INFO - Episode:   24 	 Avg_Return:-213.1804
root - INFO - Episode:   25 	 Avg_Return:-216.3053
root - INFO - Episode:   26 	 Avg_Return:-209.8684
root - INFO - Episode:   27 	 Avg_Return:-207.0194
root - INFO - Episode:   28 	 Avg_Return:-212.6354
root - INFO - Episode:   29 	 Avg_Return:-210.6891
root - INFO - Episode:   30 	 Avg_Return:-212.2088
root - INFO - Episode:   31 	 Avg_Return:-212.2087
root - INFO - Episode:   32 	 Avg_Return:-208.5543
root - INFO - Episode:   33 	 Avg_Return:-210.9064
root - INFO - Episode:   34 	 Avg_Return:-208.4581
root - INFO - Episode:   35 	 Avg_Return:-213.0299
root - INFO - Episode:   36 	 Avg_Return:-209.3280
root - INFO - Episode:   37 	 Avg_Return:-209.8647
root - INFO - Episode:   38 	 Avg_Return:-211.3280
root - INFO - Episode:   39 	 Avg_Return:-209.8198
root - INFO - Episode:   40 	 Avg_Return:-207.1245
root - INFO - Episode:   41 	 Avg_Return:-207.2193
root - INFO - Episode:   42 	 Avg_Return:-205.2420
root - INFO - Episode:   43 	 Avg_Return:-203.1928
root - INFO - Episode:   44 	 Avg_Return:-200.7884
root - INFO - Episode:   45 	 Avg_Return:-199.2221
root - INFO - Episode:   46 	 Avg_Return:-197.7880
root - INFO - Episode:   47 	 Avg_Return:-197.6302
root - INFO - Episode:   48 	 Avg_Return:-195.8500
root - INFO - Episode:   49 	 Avg_Return:-195.3073
root - INFO - Episode:   50 	 Avg_Return:-191.2502
root - INFO - Episode:   51 	 Avg_Return:-189.7242
root - INFO - Episode:   52 	 Avg_Return:-188.9884
root - INFO - Episode:   53 	 Avg_Return:-187.6396
root - INFO - Episode:   54 	 Avg_Return:-186.6141
root - INFO - Episode:   55 	 Avg_Return:-183.2850
root - INFO - Episode:   56 	 Avg_Return:-182.0498
root - INFO - Episode:   57 	 Avg_Return:-181.1489
root - INFO - Episode:   58 	 Avg_Return:-179.8797
root - INFO - Episode:   59 	 Avg_Return:-178.8825
root - INFO - Episode:   60 	 Avg_Return:-178.1718
root - INFO - Episode:   61 	 Avg_Return:-177.1696
root - INFO - Episode:   62 	 Avg_Return:-177.2722
root - INFO - Episode:   63 	 Avg_Return:-176.0695
root - INFO - Episode:   64 	 Avg_Return:-174.7228
root - INFO - Episode:   65 	 Avg_Return:-175.4398
root - INFO - Episode:   66 	 Avg_Return:-175.0388
root - INFO - Episode:   67 	 Avg_Return:-174.6640
root - INFO - Episode:   68 	 Avg_Return:-172.2045
root - INFO - Episode:   69 	 Avg_Return:-171.5865
root - INFO - Episode:   70 	 Avg_Return:-171.0077
root - INFO - Episode:   71 	 Avg_Return:-172.9977
root - INFO - Episode:   72 	 Avg_Return:-173.1558
root - INFO - Episode:   73 	 Avg_Return:-172.2949
root - INFO - Episode:   74 	 Avg_Return:-171.6474
root - INFO - Episode:   75 	 Avg_Return:-171.0615
root - INFO - Episode:   76 	 Avg_Return:-170.5720
root - INFO - Episode:   77 	 Avg_Return:-169.5795
root - INFO - Episode:   78 	 Avg_Return:-169.2258
root - INFO - Episode:   79 	 Avg_Return:-169.2960
root - INFO - Episode:   80 	 Avg_Return:-168.5422
root - INFO - Episode:   81 	 Avg_Return:-168.4775
root - INFO - Episode:   82 	 Avg_Return:-168.1510
root - INFO - Episode:   83 	 Avg_Return:-169.0085
root - INFO - Episode:   84 	 Avg_Return:-169.7842
root - INFO - Episode:   85 	 Avg_Return:-169.5508
root - INFO - Episode:   86 	 Avg_Return:-167.4804
root - INFO - Episode:   87 	 Avg_Return:-166.6616
root - INFO - Episode:   88 	 Avg_Return:-167.6150
root - INFO - Episode:   89 	 Avg_Return:-166.8545
root - INFO - Episode:   90 	 Avg_Return:-166.3501
root - INFO - Episode:   91 	 Avg_Return:-165.7996
root - INFO - Episode:   92 	 Avg_Return:-165.0450
root - INFO - Episode:   93 	 Avg_Return:-164.4843
root - INFO - Episode:   94 	 Avg_Return:-164.8076
root - INFO - Episode:   95 	 Avg_Return:-164.7307
root - INFO - Episode:   96 	 Avg_Return:-164.0612
root - INFO - Episode:   97 	 Avg_Return:-165.1488
root - INFO - Episode:   98 	 Avg_Return:-164.7112
root - INFO - Episode:   99 	 Avg_Return:-165.0855
root - INFO - Episode:  100 	 Avg_Return:-165.0549
root - INFO - Episode:  101 	 Avg_Return:-165.7448
root - INFO - Episode:  102 	 Avg_Return:-165.7883
root - INFO - Episode:  103 	 Avg_Return:-166.5771
root - INFO - Episode:  104 	 Avg_Return:-162.7963
root - INFO - Episode:  105 	 Avg_Return:-159.4396
root - INFO - Episode:  106 	 Avg_Return:-160.5389
root - INFO - Episode:  107 	 Avg_Return:-159.9789
root - INFO - Episode:  108 	 Avg_Return:-159.5614
root - INFO - Episode:  109 	 Avg_Return:-158.3343
root - INFO - Episode:  110 	 Avg_Return:-156.2259
root - INFO - Episode:  111 	 Avg_Return:-158.3232
root - INFO - Episode:  112 	 Avg_Return:-156.0169
root - INFO - Episode:  113 	 Avg_Return:-155.7442
root - INFO - Episode:  114 	 Avg_Return:-155.5487
root - INFO - Episode:  115 	 Avg_Return:-152.9405
root - INFO - Episode:  116 	 Avg_Return:-151.5646
root - INFO - Episode:  117 	 Avg_Return:-150.4830
root - INFO - Episode:  118 	 Avg_Return:-152.9381
root - INFO - Episode:  119 	 Avg_Return:-152.5263
root - INFO - Episode:  120 	 Avg_Return:-151.7068
root - INFO - Episode:  121 	 Avg_Return:-150.3559
root - INFO - Episode:  122 	 Avg_Return:-148.2241
root - INFO - Episode:  123 	 Avg_Return:-149.0938
root - INFO - Episode:  124 	 Avg_Return:-146.9054
root - INFO - Episode:  125 	 Avg_Return:-145.2888
root - INFO - Episode:  126 	 Avg_Return:-147.0536
root - INFO - Episode:  127 	 Avg_Return:-146.9359
root - INFO - Episode:  128 	 Avg_Return:-144.3159
root - INFO - Episode:  129 	 Avg_Return:-144.0745
root - INFO - Episode:  130 	 Avg_Return:-143.1393
root - INFO - Episode:  131 	 Avg_Return:-142.6393
root - INFO - Episode:  132 	 Avg_Return:-142.9771
root - INFO - Episode:  133 	 Avg_Return:-141.4807
root - INFO - Episode:  134 	 Avg_Return:-141.7232
root - INFO - Episode:  135 	 Avg_Return:-139.8911
root - INFO - Episode:  136 	 Avg_Return:-140.1780
root - INFO - Episode:  137 	 Avg_Return:-141.1297
root - INFO - Episode:  138 	 Avg_Return:-140.5828
root - INFO - Episode:  139 	 Avg_Return:-140.0893
root - INFO - Episode:  140 	 Avg_Return:-140.2557
root - INFO - Episode:  141 	 Avg_Return:-139.3014
root - INFO - Episode:  142 	 Avg_Return:-138.9430
root - INFO - Episode:  143 	 Avg_Return:-138.9283
root - INFO - Episode:  144 	 Avg_Return:-138.9723
root - INFO - Episode:  145 	 Avg_Return:-139.1013
root - INFO - Episode:  146 	 Avg_Return:-138.6087
root - INFO - Episode:  147 	 Avg_Return:-137.5326
root - INFO - Episode:  148 	 Avg_Return:-137.6022
root - INFO - Episode:  149 	 Avg_Return:-137.5840
root - INFO - Episode:  150 	 Avg_Return:-138.7628
root - INFO - Episode:  151 	 Avg_Return:-138.8053
root - INFO - Episode:  152 	 Avg_Return:-139.5321
root - INFO - Episode:  153 	 Avg_Return:-140.1592
root - INFO - Episode:  154 	 Avg_Return:-142.0224
root - INFO - Episode:  155 	 Avg_Return:-142.2846
root - INFO - Episode:  156 	 Avg_Return:-142.5190
root - INFO - Episode:  157 	 Avg_Return:-142.4835
root - INFO - Episode:  158 	 Avg_Return:-140.7025
root - INFO - Episode:  159 	 Avg_Return:-140.4611
root - INFO - Episode:  160 	 Avg_Return:-140.3247
root - INFO - Episode:  161 	 Avg_Return:-140.3741
root - INFO - Episode:  162 	 Avg_Return:-140.4508
root - INFO - Episode:  163 	 Avg_Return:-141.0513
root - INFO - Episode:  164 	 Avg_Return:-142.0448
root - INFO - Episode:  165 	 Avg_Return:-140.8210
root - INFO - Episode:  166 	 Avg_Return:-140.3811
root - INFO - Episode:  167 	 Avg_Return:-139.9489
root - INFO - Episode:  168 	 Avg_Return:-141.6546
root - INFO - Episode:  169 	 Avg_Return:-142.2747
root - INFO - Episode:  170 	 Avg_Return:-142.5326
root - INFO - Episode:  171 	 Avg_Return:-140.6640
root - INFO - Episode:  172 	 Avg_Return:-139.5200
root - INFO - Episode:  173 	 Avg_Return:-139.7595
root - INFO - Episode:  174 	 Avg_Return:-139.9199
root - INFO - Episode:  175 	 Avg_Return:-141.0030
root - INFO - Episode:  176 	 Avg_Return:-140.7755
root - INFO - Episode:  177 	 Avg_Return:-140.8282
root - INFO - Episode:  178 	 Avg_Return:-139.2414
root - INFO - Episode:  179 	 Avg_Return:-138.9721
root - INFO - Episode:  180 	 Avg_Return:-139.6740
root - INFO - Episode:  181 	 Avg_Return:-139.3699
root - INFO - Episode:  182 	 Avg_Return:-139.2603
root - INFO - Episode:  183 	 Avg_Return:-138.3841
root - INFO - Episode:  184 	 Avg_Return:-137.0920
root - INFO - Episode:  185 	 Avg_Return:-136.6858
root - INFO - Episode:  186 	 Avg_Return:-137.9514
root - INFO - Episode:  187 	 Avg_Return:-138.2390
root - INFO - Episode:  188 	 Avg_Return:-137.1497
root - INFO - Episode:  189 	 Avg_Return:-137.5368
root - INFO - Episode:  190 	 Avg_Return:-137.6528
root - INFO - Episode:  191 	 Avg_Return:-137.7626
root - INFO - Episode:  192 	 Avg_Return:-138.3056
root - INFO - Episode:  193 	 Avg_Return:-138.9822
root - INFO - Episode:  194 	 Avg_Return:-137.8026
root - INFO - Episode:  195 	 Avg_Return:-137.7202
root - INFO - Episode:  196 	 Avg_Return:-137.6003
root - INFO - Episode:  197 	 Avg_Return:-135.8147
root - INFO - Episode:  198 	 Avg_Return:-135.6510
root - INFO - Episode:  199 	 Avg_Return:-134.9866
root - INFO - Episode:  200 	 Avg_Return:-136.7240
root - INFO - Episode:  201 	 Avg_Return:-135.2541
root - INFO - Episode:  202 	 Avg_Return:-135.9791
root - INFO - Episode:  203 	 Avg_Return:-135.7192
root - INFO - Episode:  204 	 Avg_Return:-135.3780
root - INFO - Episode:  205 	 Avg_Return:-136.1096
root - INFO - Episode:  206 	 Avg_Return:-135.8080
root - INFO - Episode:  207 	 Avg_Return:-137.0507
root - INFO - Episode:  208 	 Avg_Return:-137.0664
root - INFO - Episode:  209 	 Avg_Return:-137.1692
root - INFO - Episode:  210 	 Avg_Return:-137.3174
root - INFO - Episode:  211 	 Avg_Return:-136.5814
root - INFO - Episode:  212 	 Avg_Return:-136.7730
root - INFO - Episode:  213 	 Avg_Return:-137.2395
root - INFO - Episode:  214 	 Avg_Return:-137.1462
root - INFO - Episode:  215 	 Avg_Return:-137.4508
root - INFO - Episode:  216 	 Avg_Return:-135.6892
root - INFO - Episode:  217 	 Avg_Return:-134.8716
root - INFO - Episode:  218 	 Avg_Return:-133.8745
root - INFO - Episode:  219 	 Avg_Return:-133.5682
root - INFO - Episode:  220 	 Avg_Return:-133.8031
root - INFO - Episode:  221 	 Avg_Return:-133.7448
root - INFO - Episode:  222 	 Avg_Return:-134.1067
root - INFO - Episode:  223 	 Avg_Return:-134.1419
root - INFO - Episode:  224 	 Avg_Return:-134.2373
root - INFO - Episode:  225 	 Avg_Return:-134.1774
root - INFO - Episode:  226 	 Avg_Return:-133.0059
root - INFO - Episode:  227 	 Avg_Return:-133.2836
root - INFO - Episode:  228 	 Avg_Return:-133.2849
root - INFO - Episode:  229 	 Avg_Return:-133.4903
root - INFO - Episode:  230 	 Avg_Return:-132.8727
root - INFO - Episode:  231 	 Avg_Return:-133.0263
root - INFO - Episode:  232 	 Avg_Return:-133.0887
root - INFO - Episode:  233 	 Avg_Return:-132.7461
root - INFO - Episode:  234 	 Avg_Return:-132.3929
root - INFO - Episode:  235 	 Avg_Return:-131.0403
root - INFO - Episode:  236 	 Avg_Return:-131.3000
root - INFO - Episode:  237 	 Avg_Return:-129.1993
root - INFO - Episode:  238 	 Avg_Return:-128.2541
root - INFO - Episode:  239 	 Avg_Return:-128.7413
root - INFO - Episode:  240 	 Avg_Return:-128.4517
root - INFO - Episode:  241 	 Avg_Return:-128.8142
root - INFO - Episode:  242 	 Avg_Return:-129.2701
root - INFO - Episode:  243 	 Avg_Return:-130.8508
root - INFO - Episode:  244 	 Avg_Return:-131.0237
root - INFO - Episode:  245 	 Avg_Return:-130.9705
root - INFO - Episode:  246 	 Avg_Return:-131.3840
root - INFO - Episode:  247 	 Avg_Return:-131.6059
root - INFO - Episode:  248 	 Avg_Return:-131.5997
root - INFO - Episode:  249 	 Avg_Return:-130.8342
root - INFO - Episode:  250 	 Avg_Return:-130.8713
root - INFO - Episode:  251 	 Avg_Return:-130.9723
root - INFO - Episode:  252 	 Avg_Return:-130.4114
root - INFO - Episode:  253 	 Avg_Return:-130.3586
root - INFO - Episode:  254 	 Avg_Return:-128.3385
root - INFO - Episode:  255 	 Avg_Return:-129.3981
root - INFO - Episode:  256 	 Avg_Return:-129.2338
root - INFO - Episode:  257 	 Avg_Return:-129.2423
root - INFO - Episode:  258 	 Avg_Return:-131.0210
root - INFO - Episode:  259 	 Avg_Return:-131.3423
root - INFO - Episode:  260 	 Avg_Return:-131.1136
root - INFO - Episode:  261 	 Avg_Return:-130.8720
root - INFO - Episode:  262 	 Avg_Return:-130.3993
root - INFO - Episode:  263 	 Avg_Return:-129.9388
root - INFO - Episode:  264 	 Avg_Return:-129.4148
root - INFO - Episode:  265 	 Avg_Return:-130.3098
root - INFO - Episode:  266 	 Avg_Return:-130.6861
root - INFO - Episode:  267 	 Avg_Return:-131.0319
root - INFO - Episode:  268 	 Avg_Return:-130.6199
root - INFO - Episode:  269 	 Avg_Return:-130.0726
root - INFO - Episode:  270 	 Avg_Return:-129.7506
root - INFO - Episode:  271 	 Avg_Return:-129.6750
root - INFO - Episode:  272 	 Avg_Return:-130.1543
root - INFO - Episode:  273 	 Avg_Return:-130.0631
root - INFO - Episode:  274 	 Avg_Return:-130.1237
root - INFO - Episode:  275 	 Avg_Return:-129.2405
root - INFO - Episode:  276 	 Avg_Return:-129.6335
root - INFO - Episode:  277 	 Avg_Return:-130.2883
root - INFO - Episode:  278 	 Avg_Return:-131.4456
root - INFO - Episode:  279 	 Avg_Return:-131.0164
root - INFO - Episode:  280 	 Avg_Return:-130.3814
root - INFO - Episode:  281 	 Avg_Return:-130.1438
root - INFO - Episode:  282 	 Avg_Return:-130.3598
root - INFO - Episode:  283 	 Avg_Return:-129.6761
root - INFO - Episode:  284 	 Avg_Return:-129.8263
root - INFO - Episode:  285 	 Avg_Return:-129.7422
root - INFO - Episode:  286 	 Avg_Return:-130.1320
root - INFO - Episode:  287 	 Avg_Return:-131.1744
root - INFO - Episode:  288 	 Avg_Return:-130.7136
root - INFO - Episode:  289 	 Avg_Return:-130.2094
root - INFO - Episode:  290 	 Avg_Return:-130.8620
root - INFO - Episode:  291 	 Avg_Return:-130.9051
root - INFO - Episode:  292 	 Avg_Return:-131.1078
root - INFO - Episode:  293 	 Avg_Return:-130.5318
root - INFO - Episode:  294 	 Avg_Return:-130.1331
root - INFO - Episode:  295 	 Avg_Return:-130.1980
root - INFO - Episode:  296 	 Avg_Return:-130.8000
root - INFO - Episode:  297 	 Avg_Return:-131.2534
root - INFO - Episode:  298 	 Avg_Return:-131.4642
root - INFO - Episode:  299 	 Avg_Return:-131.4880
root - INFO - Episode:  300 	 Avg_Return:-130.0072
root - INFO - Episode:  301 	 Avg_Return:-129.9333
root - INFO - Episode:  302 	 Avg_Return:-129.3584
root - INFO - Episode:  303 	 Avg_Return:-129.6584
root - INFO - Episode:  304 	 Avg_Return:-129.5155
root - INFO - Episode:  305 	 Avg_Return:-129.0225
root - INFO - Episode:  306 	 Avg_Return:-128.3041
root - INFO - Episode:  307 	 Avg_Return:-128.5031
root - INFO - Episode:  308 	 Avg_Return:-128.4005
root - INFO - Episode:  309 	 Avg_Return:-128.5161
root - INFO - Episode:  310 	 Avg_Return:-128.2951
root - INFO - Episode:  311 	 Avg_Return:-128.5187
root - INFO - Episode:  312 	 Avg_Return:-128.4133
root - INFO - Episode:  313 	 Avg_Return:-128.3582
root - INFO - Episode:  314 	 Avg_Return:-128.8397
root - INFO - Episode:  315 	 Avg_Return:-128.3466
root - INFO - Episode:  316 	 Avg_Return:-128.9348
root - INFO - Episode:  317 	 Avg_Return:-129.3056
root - INFO - Episode:  318 	 Avg_Return:-129.4801
root - INFO - Episode:  319 	 Avg_Return:-129.4852
root - INFO - Episode:  320 	 Avg_Return:-130.0495
root - INFO - Episode:  321 	 Avg_Return:-130.4243
root - INFO - Episode:  322 	 Avg_Return:-129.9858
root - INFO - Episode:  323 	 Avg_Return:-129.9628
root - INFO - Episode:  324 	 Avg_Return:-130.3200
root - INFO - Episode:  325 	 Avg_Return:-130.2276
root - INFO - Episode:  326 	 Avg_Return:-130.3224
root - INFO - Episode:  327 	 Avg_Return:-130.2690
root - INFO - Episode:  328 	 Avg_Return:-130.5310
root - INFO - Episode:  329 	 Avg_Return:-130.6668
root - INFO - Episode:  330 	 Avg_Return:-131.0831
root - INFO - Episode:  331 	 Avg_Return:-130.5017
root - INFO - Episode:  332 	 Avg_Return:-130.4058
root - INFO - Episode:  333 	 Avg_Return:-128.9974
root - INFO - Episode:  334 	 Avg_Return:-129.3236
root - INFO - Episode:  335 	 Avg_Return:-130.3004
root - INFO - Episode:  336 	 Avg_Return:-129.4609
root - INFO - Episode:  337 	 Avg_Return:-129.6378
root - INFO - Episode:  338 	 Avg_Return:-130.5246
root - INFO - Episode:  339 	 Avg_Return:-130.6541
root - INFO - Episode:  340 	 Avg_Return:-131.6639
root - INFO - Episode:  341 	 Avg_Return:-131.4509
root - INFO - Episode:  342 	 Avg_Return:-131.5289
root - INFO - Episode:  343 	 Avg_Return:-129.6932
root - INFO - Episode:  344 	 Avg_Return:-129.9427
root - INFO - Episode:  345 	 Avg_Return:-129.4919
root - INFO - Episode:  346 	 Avg_Return:-128.5146
root - INFO - Episode:  347 	 Avg_Return:-128.3765
root - INFO - Episode:  348 	 Avg_Return:-128.4327
root - INFO - Episode:  349 	 Avg_Return:-129.0624
root - INFO - Episode:  350 	 Avg_Return:-129.4777
root - INFO - Episode:  351 	 Avg_Return:-129.7106
root - INFO - Episode:  352 	 Avg_Return:-128.9817
root - INFO - Episode:  353 	 Avg_Return:-128.2465
root - INFO - Episode:  354 	 Avg_Return:-130.0834
root - INFO - Episode:  355 	 Avg_Return:-129.7736
root - INFO - Episode:  356 	 Avg_Return:-129.8312
root - INFO - Episode:  357 	 Avg_Return:-129.4446
root - INFO - Episode:  358 	 Avg_Return:-129.8758
root - INFO - Episode:  359 	 Avg_Return:-129.9178
root - INFO - Episode:  360 	 Avg_Return:-132.0140
root - INFO - Episode:  361 	 Avg_Return:-132.2922
root - INFO - Episode:  362 	 Avg_Return:-132.2629
root - INFO - Episode:  363 	 Avg_Return:-131.7379
root - INFO - Episode:  364 	 Avg_Return:-130.7063
root - INFO - Episode:  365 	 Avg_Return:-129.8007
root - INFO - Episode:  366 	 Avg_Return:-129.2295
root - INFO - Episode:  367 	 Avg_Return:-129.1966
root - INFO - Episode:  368 	 Avg_Return:-128.8421
root - INFO - Episode:  369 	 Avg_Return:-128.8016
root - INFO - Episode:  370 	 Avg_Return:-129.6466
root - INFO - Episode:  371 	 Avg_Return:-128.5996
root - INFO - Episode:  372 	 Avg_Return:-128.8114
root - INFO - Episode:  373 	 Avg_Return:-128.6140
root - INFO - Episode:  374 	 Avg_Return:-130.3645
root - INFO - Episode:  375 	 Avg_Return:-129.0956
root - INFO - Episode:  376 	 Avg_Return:-128.9667
root - INFO - Episode:  377 	 Avg_Return:-128.5063
root - INFO - Episode:  378 	 Avg_Return:-128.5912
root - INFO - Episode:  379 	 Avg_Return:-128.7177
root - INFO - Episode:  380 	 Avg_Return:-128.6325
root - INFO - Episode:  381 	 Avg_Return:-128.8384
root - INFO - Episode:  382 	 Avg_Return:-128.1719
root - INFO - Episode:  383 	 Avg_Return:-128.6731
root - INFO - Episode:  384 	 Avg_Return:-128.8835
root - INFO - Episode:  385 	 Avg_Return:-129.3567
root - INFO - Episode:  386 	 Avg_Return:-129.6980
root - INFO - Episode:  387 	 Avg_Return:-128.9275
root - INFO - Episode:  388 	 Avg_Return:-130.0414
root - INFO - Episode:  389 	 Avg_Return:-130.8596
root - INFO - Episode:  390 	 Avg_Return:-130.3397
root - INFO - Episode:  391 	 Avg_Return:-130.3044
root - INFO - Episode:  392 	 Avg_Return:-130.1280
root - INFO - Episode:  393 	 Avg_Return:-130.1450
root - INFO - Episode:  394 	 Avg_Return:-131.1169
root - INFO - Episode:  395 	 Avg_Return:-130.7909
root - INFO - Episode:  396 	 Avg_Return:-129.6661
root - INFO - Episode:  397 	 Avg_Return:-129.4361
root - INFO - Episode:  398 	 Avg_Return:-129.7456
root - INFO - Episode:  399 	 Avg_Return:-129.5689
root - INFO - Episode:  400 	 Avg_Return:-130.2489
root - INFO - Episode:  401 	 Avg_Return:-132.5541
root - INFO - Episode:  402 	 Avg_Return:-131.4822
root - INFO - Episode:  403 	 Avg_Return:-132.3784
root - INFO - Episode:  404 	 Avg_Return:-132.0675
root - INFO - Episode:  405 	 Avg_Return:-131.7104
root - INFO - Episode:  406 	 Avg_Return:-131.6759
root - INFO - Episode:  407 	 Avg_Return:-130.7247
root - INFO - Episode:  408 	 Avg_Return:-130.8975
root - INFO - Episode:  409 	 Avg_Return:-129.3439
root - INFO - Episode:  410 	 Avg_Return:-133.0566
root - INFO - Episode:  411 	 Avg_Return:-131.9284
root - INFO - Episode:  412 	 Avg_Return:-131.5499
root - INFO - Episode:  413 	 Avg_Return:-131.3456
root - INFO - Episode:  414 	 Avg_Return:-130.4820
root - INFO - Episode:  415 	 Avg_Return:-130.2853
root - INFO - Episode:  416 	 Avg_Return:-129.8413
root - INFO - Episode:  417 	 Avg_Return:-129.7935
root - INFO - Episode:  418 	 Avg_Return:-129.5151
root - INFO - Episode:  419 	 Avg_Return:-129.7708
root - INFO - Episode:  420 	 Avg_Return:-129.1415
root - INFO - Episode:  421 	 Avg_Return:-128.7777
root - INFO - Episode:  422 	 Avg_Return:-128.7113
root - INFO - Episode:  423 	 Avg_Return:-128.4951
root - INFO - Episode:  424 	 Avg_Return:-127.9787
root - INFO - Episode:  425 	 Avg_Return:-127.9437
root - INFO - Episode:  426 	 Avg_Return:-128.4366
root - INFO - Episode:  427 	 Avg_Return:-127.9667
root - INFO - Episode:  428 	 Avg_Return:-127.6812
root - INFO - Episode:  429 	 Avg_Return:-127.1453
root - INFO - Episode:  430 	 Avg_Return:-126.9577
root - INFO - Episode:  431 	 Avg_Return:-126.8143
root - INFO - Episode:  432 	 Avg_Return:-126.5353
root - INFO - Episode:  433 	 Avg_Return:-128.1082
root - INFO - Episode:  434 	 Avg_Return:-127.9494
root - INFO - Episode:  435 	 Avg_Return:-127.6310
root - INFO - Episode:  436 	 Avg_Return:-128.2906
root - INFO - Episode:  437 	 Avg_Return:-128.0832
root - INFO - Episode:  438 	 Avg_Return:-127.2993
root - INFO - Episode:  439 	 Avg_Return:-126.6754
root - INFO - Episode:  440 	 Avg_Return:-125.8877
root - INFO - Episode:  441 	 Avg_Return:-126.4528
root - INFO - Episode:  442 	 Avg_Return:-126.0320
root - INFO - Episode:  443 	 Avg_Return:-126.4748
root - INFO - Episode:  444 	 Avg_Return:-126.3030
root - INFO - Episode:  445 	 Avg_Return:-126.6195
root - INFO - Episode:  446 	 Avg_Return:-127.3548
root - INFO - Episode:  447 	 Avg_Return:-126.3631
root - INFO - Episode:  448 	 Avg_Return:-126.1591
root - INFO - Episode:  449 	 Avg_Return:-125.8270
root - INFO - Episode:  450 	 Avg_Return:-125.2274
root - INFO - Episode:  451 	 Avg_Return:-125.5104
root - INFO - Episode:  452 	 Avg_Return:-125.7983
root - INFO - Episode:  453 	 Avg_Return:-126.1755
root - INFO - Episode:  454 	 Avg_Return:-124.2592
root - INFO - Episode:  455 	 Avg_Return:-124.3687
root - INFO - Episode:  456 	 Avg_Return:-124.4838
root - INFO - Episode:  457 	 Avg_Return:-124.4519
root - INFO - Episode:  458 	 Avg_Return:-124.8270
root - INFO - Episode:  459 	 Avg_Return:-125.0437
root - INFO - Episode:  460 	 Avg_Return:-122.9738
root - INFO - Episode:  461 	 Avg_Return:-123.2042
root - INFO - Episode:  462 	 Avg_Return:-123.4584
root - INFO - Episode:  463 	 Avg_Return:-124.2570
root - INFO - Episode:  464 	 Avg_Return:-125.2756
root - INFO - Episode:  465 	 Avg_Return:-125.2638
root - INFO - Episode:  466 	 Avg_Return:-125.5775
root - INFO - Episode:  467 	 Avg_Return:-125.2155
root - INFO - Episode:  468 	 Avg_Return:-125.3712
root - INFO - Episode:  469 	 Avg_Return:-126.1542
root - INFO - Episode:  470 	 Avg_Return:-125.3843
root - INFO - Episode:  471 	 Avg_Return:-126.3600
root - INFO - Episode:  472 	 Avg_Return:-126.7922
root - INFO - Episode:  473 	 Avg_Return:-126.7679
root - INFO - Episode:  474 	 Avg_Return:-124.6395
root - INFO - Episode:  475 	 Avg_Return:-125.5018
root - INFO - Episode:  476 	 Avg_Return:-125.7185
root - INFO - Episode:  477 	 Avg_Return:-125.8270
root - INFO - Episode:  478 	 Avg_Return:-126.0920
root - INFO - Episode:  479 	 Avg_Return:-125.8942
root - INFO - Episode:  480 	 Avg_Return:-126.0183
root - INFO - Episode:  481 	 Avg_Return:-125.6874
root - INFO - Episode:  482 	 Avg_Return:-126.0238
root - INFO - Episode:  483 	 Avg_Return:-126.3188
root - INFO - Episode:  484 	 Avg_Return:-125.8639
root - INFO - Episode:  485 	 Avg_Return:-125.8397
root - INFO - Episode:  486 	 Avg_Return:-125.0531
root - INFO - Episode:  487 	 Avg_Return:-124.5386
root - INFO - Episode:  488 	 Avg_Return:-123.3307
root - INFO - Episode:  489 	 Avg_Return:-123.2472
root - INFO - Episode:  490 	 Avg_Return:-122.7905
root - INFO - Episode:  491 	 Avg_Return:-122.8758
root - INFO - Episode:  492 	 Avg_Return:-122.6787
root - INFO - Episode:  493 	 Avg_Return:-123.2298
root - INFO - Episode:  494 	 Avg_Return:-123.3198
root - INFO - Episode:  495 	 Avg_Return:-123.4312
root - INFO - Episode:  496 	 Avg_Return:-124.3530
root - INFO - Episode:  497 	 Avg_Return:-123.2681
root - INFO - Episode:  498 	 Avg_Return:-123.0561
root - INFO - Episode:  499 	 Avg_Return:-123.1279
root - INFO - Episode:  500 	 Avg_Return:-122.7557
root - INFO - Episode:  501 	 Avg_Return:-121.9556
root - INFO - Episode:  502 	 Avg_Return:-123.3249
root - INFO - Episode:  503 	 Avg_Return:-122.3517
root - INFO - Episode:  504 	 Avg_Return:-121.4102
root - INFO - Episode:  505 	 Avg_Return:-121.5370
root - INFO - Episode:  506 	 Avg_Return:-121.4545
root - INFO - Episode:  507 	 Avg_Return:-121.9700
root - INFO - Episode:  508 	 Avg_Return:-121.0941
root - INFO - Episode:  509 	 Avg_Return:-121.8799
root - INFO - Episode:  510 	 Avg_Return:-118.2518
root - INFO - Episode:  511 	 Avg_Return:-119.3983
root - INFO - Episode:  512 	 Avg_Return:-119.6999
root - INFO - Episode:  513 	 Avg_Return:-120.0077
root - INFO - Episode:  514 	 Avg_Return:-120.4417
root - INFO - Episode:  515 	 Avg_Return:-120.6498
root - INFO - Episode:  516 	 Avg_Return:-120.6824
root - INFO - Episode:  517 	 Avg_Return:-120.6686
root - INFO - Episode:  518 	 Avg_Return:-121.4529
root - INFO - Episode:  519 	 Avg_Return:-121.9133
root - INFO - Episode:  520 	 Avg_Return:-120.6989
root - INFO - Episode:  521 	 Avg_Return:-120.3214
root - INFO - Episode:  522 	 Avg_Return:-120.7732
root - INFO - Episode:  523 	 Avg_Return:-121.7299
root - INFO - Episode:  524 	 Avg_Return:-122.1212
root - INFO - Episode:  525 	 Avg_Return:-121.9122
root - INFO - Episode:  526 	 Avg_Return:-121.4805
root - INFO - Episode:  527 	 Avg_Return:-120.6890
root - INFO - Episode:  528 	 Avg_Return:-120.7507
root - INFO - Episode:  529 	 Avg_Return:-120.4611
root - INFO - Episode:  530 	 Avg_Return:-120.0591
root - INFO - Episode:  531 	 Avg_Return:-120.6208
root - INFO - Episode:  532 	 Avg_Return:-121.6724
root - INFO - Episode:  533 	 Avg_Return:-121.8618
root - INFO - Episode:  534 	 Avg_Return:-121.7310
root - INFO - Episode:  535 	 Avg_Return:-122.2292
root - INFO - Episode:  536 	 Avg_Return:-122.5061
root - INFO - Episode:  537 	 Avg_Return:-122.7273
root - INFO - Episode:  538 	 Avg_Return:-123.0018
root - INFO - Episode:  539 	 Avg_Return:-123.2001
root - INFO - Episode:  540 	 Avg_Return:-123.8158
root - INFO - Episode:  541 	 Avg_Return:-123.5200
root - INFO - Episode:  542 	 Avg_Return:-123.6353
root - INFO - Episode:  543 	 Avg_Return:-124.5290
root - INFO - Episode:  544 	 Avg_Return:-124.5495
root - INFO - Episode:  545 	 Avg_Return:-124.3678
root - INFO - Episode:  546 	 Avg_Return:-123.4189
root - INFO - Episode:  547 	 Avg_Return:-124.4940
root - INFO - Episode:  548 	 Avg_Return:-124.7785
root - INFO - Episode:  549 	 Avg_Return:-124.6039
root - INFO - Episode:  550 	 Avg_Return:-124.9538
root - INFO - Episode:  551 	 Avg_Return:-124.7316
root - INFO - Episode:  552 	 Avg_Return:-124.6164
root - INFO - Episode:  553 	 Avg_Return:-124.4605
root - INFO - Episode:  554 	 Avg_Return:-124.6097
root - INFO - Episode:  555 	 Avg_Return:-125.2059
root - INFO - Episode:  556 	 Avg_Return:-125.9721
root - INFO - Episode:  557 	 Avg_Return:-128.3644
root - INFO - Episode:  558 	 Avg_Return:-128.1392
root - INFO - Episode:  559 	 Avg_Return:-127.9306
root - INFO - Episode:  560 	 Avg_Return:-127.8048
root - INFO - Episode:  561 	 Avg_Return:-127.7259
root - INFO - Episode:  562 	 Avg_Return:-127.4738
root - INFO - Episode:  563 	 Avg_Return:-127.3671
root - INFO - Episode:  564 	 Avg_Return:-127.2232
root - INFO - Episode:  565 	 Avg_Return:-127.2232
root - INFO - Episode:  566 	 Avg_Return:-127.0548
root - INFO - Episode:  567 	 Avg_Return:-127.2262
root - INFO - Episode:  568 	 Avg_Return:-127.2510
root - INFO - Episode:  569 	 Avg_Return:-125.3774
root - INFO - Episode:  570 	 Avg_Return:-125.7424
root - INFO - Episode:  571 	 Avg_Return:-125.8383
root - INFO - Episode:  572 	 Avg_Return:-125.0690
root - INFO - Episode:  573 	 Avg_Return:-124.7615
root - INFO - Episode:  574 	 Avg_Return:-124.7849
root - INFO - Episode:  575 	 Avg_Return:-123.4610
root - INFO - Episode:  576 	 Avg_Return:-122.9237
root - INFO - Episode:  577 	 Avg_Return:-122.9823
root - INFO - Episode:  578 	 Avg_Return:-123.2235
root - INFO - Episode:  579 	 Avg_Return:-124.1395
root - INFO - Episode:  580 	 Avg_Return:-124.2102
root - INFO - Episode:  581 	 Avg_Return:-124.6367
root - INFO - Episode:  582 	 Avg_Return:-125.4331
root - INFO - Episode:  583 	 Avg_Return:-126.7462
root - INFO - Episode:  584 	 Avg_Return:-126.7932
root - INFO - Episode:  585 	 Avg_Return:-125.8061
root - INFO - Episode:  586 	 Avg_Return:-125.9886
root - INFO - Episode:  587 	 Avg_Return:-126.4144
root - INFO - Episode:  588 	 Avg_Return:-126.3637
root - INFO - Episode:  589 	 Avg_Return:-125.9162
root - INFO - Episode:  590 	 Avg_Return:-126.5894
root - INFO - Episode:  591 	 Avg_Return:-126.5379
root - INFO - Episode:  592 	 Avg_Return:-126.3901
root - INFO - Episode:  593 	 Avg_Return:-126.0026
root - INFO - Episode:  594 	 Avg_Return:-125.8943
root - INFO - Episode:  595 	 Avg_Return:-125.9969
root - INFO - Episode:  596 	 Avg_Return:-125.7580
root - INFO - Episode:  597 	 Avg_Return:-127.6518
root - INFO - Episode:  598 	 Avg_Return:-127.4576
root - INFO - Episode:  599 	 Avg_Return:-128.0125
root - INFO - Episode:  600 	 Avg_Return:-128.0384
root - INFO - Episode:  601 	 Avg_Return:-127.6866
root - INFO - Episode:  602 	 Avg_Return:-128.1152
root - INFO - Episode:  603 	 Avg_Return:-127.8767
root - INFO - Episode:  604 	 Avg_Return:-129.3737
root - INFO - Episode:  605 	 Avg_Return:-129.3213
root - INFO - Episode:  606 	 Avg_Return:-129.3930
root - INFO - Episode:  607 	 Avg_Return:-129.2653
root - INFO - Episode:  608 	 Avg_Return:-130.7590
root - INFO - Episode:  609 	 Avg_Return:-131.8025
root - INFO - Episode:  610 	 Avg_Return:-131.6697
root - INFO - Episode:  611 	 Avg_Return:-132.1420
root - INFO - Episode:  612 	 Avg_Return:-132.4884
root - INFO - Episode:  613 	 Avg_Return:-132.3966
root - INFO - Episode:  614 	 Avg_Return:-132.1688
root - INFO - Episode:  615 	 Avg_Return:-132.4580
root - INFO - Episode:  616 	 Avg_Return:-133.0368
root - INFO - Episode:  617 	 Avg_Return:-133.3396
root - INFO - Episode:  618 	 Avg_Return:-132.6420
root - INFO - Episode:  619 	 Avg_Return:-132.0635
root - INFO - Episode:  620 	 Avg_Return:-133.5193
root - INFO - Episode:  621 	 Avg_Return:-132.6857
root - INFO - Episode:  622 	 Avg_Return:-131.9433
root - INFO - Episode:  623 	 Avg_Return:-131.2718
root - INFO - Episode:  624 	 Avg_Return:-131.0632
root - INFO - Episode:  625 	 Avg_Return:-131.0896
root - INFO - Episode:  626 	 Avg_Return:-130.7578
root - INFO - Episode:  627 	 Avg_Return:-132.0151
root - INFO - Episode:  628 	 Avg_Return:-132.5671
root - INFO - Episode:  629 	 Avg_Return:-133.0453
root - INFO - Episode:  630 	 Avg_Return:-133.4084
root - INFO - Episode:  631 	 Avg_Return:-132.8953
root - INFO - Episode:  632 	 Avg_Return:-132.1332
root - INFO - Episode:  633 	 Avg_Return:-130.9242
root - INFO - Episode:  634 	 Avg_Return:-131.2663
root - INFO - Episode:  635 	 Avg_Return:-130.6547
root - INFO - Episode:  636 	 Avg_Return:-130.4732
root - INFO - Episode:  637 	 Avg_Return:-128.8689
root - INFO - Episode:  638 	 Avg_Return:-128.4880
root - INFO - Episode:  639 	 Avg_Return:-128.7072
root - INFO - Episode:  640 	 Avg_Return:-128.3314
root - INFO - Episode:  641 	 Avg_Return:-127.8162
root - INFO - Episode:  642 	 Avg_Return:-127.7459
root - INFO - Episode:  643 	 Avg_Return:-126.3491
root - INFO - Episode:  644 	 Avg_Return:-126.2278
root - INFO - Episode:  645 	 Avg_Return:-126.2357
root - INFO - Episode:  646 	 Avg_Return:-127.2737
root - INFO - Episode:  647 	 Avg_Return:-127.3052
root - INFO - Episode:  648 	 Avg_Return:-127.6451
root - INFO - Episode:  649 	 Avg_Return:-127.4919
root - INFO - Episode:  650 	 Avg_Return:-128.0650
root - INFO - Episode:  651 	 Avg_Return:-127.5022
root - INFO - Episode:  652 	 Avg_Return:-127.3068
root - INFO - Episode:  653 	 Avg_Return:-126.2107
root - INFO - Episode:  654 	 Avg_Return:-126.1702
root - INFO - Episode:  655 	 Avg_Return:-125.3793
root - INFO - Episode:  656 	 Avg_Return:-124.1399
root - INFO - Episode:  657 	 Avg_Return:-122.6294
root - INFO - Episode:  658 	 Avg_Return:-122.4175
root - INFO - Episode:  659 	 Avg_Return:-122.4861
root - INFO - Episode:  660 	 Avg_Return:-123.1344
root - INFO - Episode:  661 	 Avg_Return:-123.1748
root - INFO - Episode:  662 	 Avg_Return:-123.2791
root - INFO - Episode:  663 	 Avg_Return:-123.1107
root - INFO - Episode:  664 	 Avg_Return:-123.3273
root - INFO - Episode:  665 	 Avg_Return:-123.5468
root - INFO - Episode:  666 	 Avg_Return:-124.7636
root - INFO - Episode:  667 	 Avg_Return:-124.7558
root - INFO - Episode:  668 	 Avg_Return:-125.0728
root - INFO - Episode:  669 	 Avg_Return:-126.1475
root - INFO - Episode:  670 	 Avg_Return:-126.2324
root - INFO - Episode:  671 	 Avg_Return:-126.5454
root - INFO - Episode:  672 	 Avg_Return:-126.9351
root - INFO - Episode:  673 	 Avg_Return:-127.5066
root - INFO - Episode:  674 	 Avg_Return:-128.2692
root - INFO - Episode:  675 	 Avg_Return:-129.9036
root - INFO - Episode:  676 	 Avg_Return:-130.1996
root - INFO - Episode:  677 	 Avg_Return:-130.6724
root - INFO - Episode:  678 	 Avg_Return:-130.3841
root - INFO - Episode:  679 	 Avg_Return:-129.9897
root - INFO - Episode:  680 	 Avg_Return:-130.0703
root - INFO - Episode:  681 	 Avg_Return:-130.1862
root - INFO - Episode:  682 	 Avg_Return:-129.6339
root - INFO - Episode:  683 	 Avg_Return:-128.3533
root - INFO - Episode:  684 	 Avg_Return:-129.1738
root - INFO - Episode:  685 	 Avg_Return:-130.0757
root - INFO - Episode:  686 	 Avg_Return:-130.1900
root - INFO - Episode:  687 	 Avg_Return:-130.2332
root - INFO - Episode:  688 	 Avg_Return:-131.1143
root - INFO - Episode:  689 	 Avg_Return:-131.2679
root - INFO - Episode:  690 	 Avg_Return:-131.0221
root - INFO - Episode:  691 	 Avg_Return:-131.1068
root - INFO - Episode:  692 	 Avg_Return:-130.9007
root - INFO - Episode:  693 	 Avg_Return:-129.1268
root - INFO - Episode:  694 	 Avg_Return:-129.1090
root - INFO - Episode:  695 	 Avg_Return:-129.2767
root - INFO - Episode:  696 	 Avg_Return:-130.5595
root - INFO - Episode:  697 	 Avg_Return:-128.5905
root - INFO - Episode:  698 	 Avg_Return:-129.2630
root - INFO - Episode:  699 	 Avg_Return:-127.0265
root - INFO - Episode:  700 	 Avg_Return:-126.5530
root - INFO - Episode:  701 	 Avg_Return:-126.4988
root - INFO - Episode:  702 	 Avg_Return:-126.0244
root - INFO - Episode:  703 	 Avg_Return:-125.7440
root - INFO - Episode:  704 	 Avg_Return:-125.0999
root - INFO - Episode:  705 	 Avg_Return:-124.6975
root - INFO - Episode:  706 	 Avg_Return:-123.8420
root - INFO - Episode:  707 	 Avg_Return:-123.8119
root - INFO - Episode:  708 	 Avg_Return:-123.2000
root - INFO - Episode:  709 	 Avg_Return:-122.5453
root - INFO - Episode:  710 	 Avg_Return:-122.6237
root - INFO - Episode:  711 	 Avg_Return:-121.9276
root - INFO - Episode:  712 	 Avg_Return:-121.7766
root - INFO - Episode:  713 	 Avg_Return:-121.9680
root - INFO - Episode:  714 	 Avg_Return:-122.1152
root - INFO - Episode:  715 	 Avg_Return:-121.8092
root - INFO - Episode:  716 	 Avg_Return:-121.5870
root - INFO - Episode:  717 	 Avg_Return:-121.0395
root - INFO - Episode:  718 	 Avg_Return:-121.4278
root - INFO - Episode:  719 	 Avg_Return:-121.5673
root - INFO - Episode:  720 	 Avg_Return:-121.3646
root - INFO - Episode:  721 	 Avg_Return:-122.8596
root - INFO - Episode:  722 	 Avg_Return:-123.1133
root - INFO - Episode:  723 	 Avg_Return:-123.3767
root - INFO - Episode:  724 	 Avg_Return:-123.0848
root - INFO - Episode:  725 	 Avg_Return:-123.6344
root - INFO - Episode:  726 	 Avg_Return:-124.0866
root - INFO - Episode:  727 	 Avg_Return:-124.2549
root - INFO - Episode:  728 	 Avg_Return:-124.0497
root - INFO - Episode:  729 	 Avg_Return:-124.3242
root - INFO - Episode:  730 	 Avg_Return:-124.4798
root - INFO - Episode:  731 	 Avg_Return:-124.6206
root - INFO - Episode:  732 	 Avg_Return:-124.7917
root - INFO - Episode:  733 	 Avg_Return:-125.4043
root - INFO - Episode:  734 	 Avg_Return:-125.0337
root - INFO - Episode:  735 	 Avg_Return:-125.2344
root - INFO - Episode:  736 	 Avg_Return:-125.7380
root - INFO - Episode:  737 	 Avg_Return:-126.9005
root - INFO - Episode:  738 	 Avg_Return:-126.9706
root - INFO - Episode:  739 	 Avg_Return:-127.0441
root - INFO - Episode:  740 	 Avg_Return:-126.8366
root - INFO - Episode:  741 	 Avg_Return:-126.8251
root - INFO - Episode:  742 	 Avg_Return:-127.0534
root - INFO - Episode:  743 	 Avg_Return:-126.5205
root - INFO - Episode:  744 	 Avg_Return:-126.7929
root - INFO - Episode:  745 	 Avg_Return:-127.0113
root - INFO - Episode:  746 	 Avg_Return:-126.4885
root - INFO - Episode:  747 	 Avg_Return:-126.8474
root - INFO - Episode:  748 	 Avg_Return:-126.3705
root - INFO - Episode:  749 	 Avg_Return:-127.3110
root - INFO - Episode:  750 	 Avg_Return:-126.3403
root - INFO - Episode:  751 	 Avg_Return:-126.5171
root - INFO - Episode:  752 	 Avg_Return:-125.6264
root - INFO - Episode:  753 	 Avg_Return:-126.7984
root - INFO - Episode:  754 	 Avg_Return:-127.3569
root - INFO - Episode:  755 	 Avg_Return:-127.6686
root - INFO - Episode:  756 	 Avg_Return:-127.7351
root - INFO - Episode:  757 	 Avg_Return:-127.4530
root - INFO - Episode:  758 	 Avg_Return:-127.5194
root - INFO - Episode:  759 	 Avg_Return:-127.7524
root - INFO - Episode:  760 	 Avg_Return:-127.3086
root - INFO - Episode:  761 	 Avg_Return:-127.2786
root - INFO - Episode:  762 	 Avg_Return:-126.5801
root - INFO - Episode:  763 	 Avg_Return:-126.6340
root - INFO - Episode:  764 	 Avg_Return:-126.5172
root - INFO - Episode:  765 	 Avg_Return:-126.4060
root - INFO - Episode:  766 	 Avg_Return:-125.1034
root - INFO - Episode:  767 	 Avg_Return:-125.8253
root - INFO - Episode:  768 	 Avg_Return:-125.8664
root - INFO - Episode:  769 	 Avg_Return:-126.0474
root - INFO - Episode:  770 	 Avg_Return:-124.1735
root - INFO - Episode:  771 	 Avg_Return:-123.6730
root - INFO - Episode:  772 	 Avg_Return:-123.5329
root - INFO - Episode:  773 	 Avg_Return:-123.4646
root - INFO - Episode:  774 	 Avg_Return:-123.1840
root - INFO - Episode:  775 	 Avg_Return:-123.2072
root - INFO - Episode:  776 	 Avg_Return:-122.6391
root - INFO - Episode:  777 	 Avg_Return:-122.4678
root - INFO - Episode:  778 	 Avg_Return:-122.6124
root - INFO - Episode:  779 	 Avg_Return:-122.4663
root - INFO - Episode:  780 	 Avg_Return:-122.5175
root - INFO - Episode:  781 	 Avg_Return:-122.2081
root - INFO - Episode:  782 	 Avg_Return:-122.0226
root - INFO - Episode:  783 	 Avg_Return:-121.2804
root - INFO - Episode:  784 	 Avg_Return:-120.4197
root - INFO - Episode:  785 	 Avg_Return:-120.8639
root - INFO - Episode:  786 	 Avg_Return:-121.3372
root - INFO - Episode:  787 	 Avg_Return:-120.8806
root - INFO - Episode:  788 	 Avg_Return:-119.9563
root - INFO - Episode:  789 	 Avg_Return:-119.3260
root - INFO - Episode:  790 	 Avg_Return:-118.6669
root - INFO - Episode:  791 	 Avg_Return:-118.9171
root - INFO - Episode:  792 	 Avg_Return:-120.6382
root - INFO - Episode:  793 	 Avg_Return:-122.8390
root - INFO - Episode:  794 	 Avg_Return:-125.0671
root - INFO - Episode:  795 	 Avg_Return:-126.2534
root - INFO - Episode:  796 	 Avg_Return:-124.8186
root - INFO - Episode:  797 	 Avg_Return:-127.6667
root - INFO - Episode:  798 	 Avg_Return:-126.3100
root - INFO - Episode:  799 	 Avg_Return:-128.5953
root - INFO - Episode:  800 	 Avg_Return:-127.8830
root - INFO - Episode:  801 	 Avg_Return:-127.4660
root - INFO - Episode:  802 	 Avg_Return:-127.3958
root - INFO - Episode:  803 	 Avg_Return:-127.6242
root - INFO - Episode:  804 	 Avg_Return:-127.1594
root - INFO - Episode:  805 	 Avg_Return:-127.6597
root - INFO - Episode:  806 	 Avg_Return:-129.4029
root - INFO - Episode:  807 	 Avg_Return:-128.9921
root - INFO - Episode:  808 	 Avg_Return:-128.5612
root - INFO - Episode:  809 	 Avg_Return:-126.8623
root - INFO - Episode:  810 	 Avg_Return:-127.7073
root - INFO - Episode:  811 	 Avg_Return:-127.7892
root - INFO - Episode:  812 	 Avg_Return:-131.7170
root - INFO - Episode:  813 	 Avg_Return:-133.4613
root - INFO - Episode:  814 	 Avg_Return:-134.0397
root - INFO - Episode:  815 	 Avg_Return:-134.0089
root - INFO - Episode:  816 	 Avg_Return:-132.7509
root - INFO - Episode:  817 	 Avg_Return:-134.4802
root - INFO - Episode:  818 	 Avg_Return:-133.9881
root - INFO - Episode:  819 	 Avg_Return:-135.6555
root - INFO - Episode:  820 	 Avg_Return:-136.6822
root - INFO - Episode:  821 	 Avg_Return:-137.5631
root - INFO - Episode:  822 	 Avg_Return:-139.4960
root - INFO - Episode:  823 	 Avg_Return:-139.9964
root - INFO - Episode:  824 	 Avg_Return:-141.8551
root - INFO - Episode:  825 	 Avg_Return:-143.4806
root - INFO - Episode:  826 	 Avg_Return:-144.2819
root - INFO - Episode:  827 	 Avg_Return:-143.1416
root - INFO - Episode:  828 	 Avg_Return:-143.9848
root - INFO - Episode:  829 	 Avg_Return:-145.3933
root - INFO - Episode:  830 	 Avg_Return:-146.5790
root - INFO - Episode:  831 	 Avg_Return:-148.0068
root - INFO - Episode:  832 	 Avg_Return:-147.9647
root - INFO - Episode:  833 	 Avg_Return:-147.2904
root - INFO - Episode:  834 	 Avg_Return:-148.9167
root - INFO - Episode:  835 	 Avg_Return:-148.0289
root - INFO - Episode:  836 	 Avg_Return:-146.6795
root - INFO - Episode:  837 	 Avg_Return:-146.1374
root - INFO - Episode:  838 	 Avg_Return:-146.3368
root - INFO - Episode:  839 	 Avg_Return:-147.1372
root - INFO - Episode:  840 	 Avg_Return:-146.5357
root - INFO - Episode:  841 	 Avg_Return:-145.9973
root - INFO - Episode:  842 	 Avg_Return:-147.9709
root - INFO - Episode:  843 	 Avg_Return:-148.7076
root - INFO - Episode:  844 	 Avg_Return:-147.6967
root - INFO - Episode:  845 	 Avg_Return:-148.1975
root - INFO - Episode:  846 	 Avg_Return:-149.3571
root - INFO - Episode:  847 	 Avg_Return:-149.6611
root - INFO - Episode:  848 	 Avg_Return:-149.1930
root - INFO - Episode:  849 	 Avg_Return:-148.0694
root - INFO - Episode:  850 	 Avg_Return:-148.6629
root - INFO - Episode:  851 	 Avg_Return:-148.9831
root - INFO - Episode:  852 	 Avg_Return:-149.6967
root - INFO - Episode:  853 	 Avg_Return:-149.6184
root - INFO - Episode:  854 	 Avg_Return:-149.7364
root - INFO - Episode:  855 	 Avg_Return:-148.5166
root - INFO - Episode:  856 	 Avg_Return:-147.8204
root - INFO - Episode:  857 	 Avg_Return:-146.6594
root - INFO - Episode:  858 	 Avg_Return:-145.9469
root - INFO - Episode:  859 	 Avg_Return:-145.2761
root - INFO - Episode:  860 	 Avg_Return:-144.5492
root - INFO - Episode:  861 	 Avg_Return:-146.1192
root - INFO - Episode:  862 	 Avg_Return:-146.3069
root - INFO - Episode:  863 	 Avg_Return:-146.4966
root - INFO - Episode:  864 	 Avg_Return:-146.7142
root - INFO - Episode:  865 	 Avg_Return:-146.5232
root - INFO - Episode:  866 	 Avg_Return:-145.9242
root - INFO - Episode:  867 	 Avg_Return:-144.5674
root - INFO - Episode:  868 	 Avg_Return:-143.8785
root - INFO - Episode:  869 	 Avg_Return:-143.1431
root - INFO - Episode:  870 	 Avg_Return:-143.3595
root - INFO - Episode:  871 	 Avg_Return:-143.2093
root - INFO - Episode:  872 	 Avg_Return:-142.7321
root - INFO - Episode:  873 	 Avg_Return:-142.4169
root - INFO - Episode:  874 	 Avg_Return:-141.5483
root - INFO - Episode:  875 	 Avg_Return:-142.0713
root - INFO - Episode:  876 	 Avg_Return:-142.4203
root - INFO - Episode:  877 	 Avg_Return:-141.3326
root - INFO - Episode:  878 	 Avg_Return:-141.2570
root - INFO - Episode:  879 	 Avg_Return:-141.0881
root - INFO - Episode:  880 	 Avg_Return:-140.9841
root - INFO - Episode:  881 	 Avg_Return:-139.9548
root - INFO - Episode:  882 	 Avg_Return:-139.5663
root - INFO - Episode:  883 	 Avg_Return:-139.3801
root - INFO - Episode:  884 	 Avg_Return:-139.4896
root - INFO - Episode:  885 	 Avg_Return:-138.9079
root - INFO - Episode:  886 	 Avg_Return:-137.1354
root - INFO - Episode:  887 	 Avg_Return:-137.0893
root - INFO - Episode:  888 	 Avg_Return:-136.8768
root - INFO - Episode:  889 	 Avg_Return:-138.6183
root - INFO - Episode:  890 	 Avg_Return:-138.7815
root - INFO - Episode:  891 	 Avg_Return:-137.9207
root - INFO - Episode:  892 	 Avg_Return:-136.1289
root - INFO - Episode:  893 	 Avg_Return:-134.6345
root - INFO - Episode:  894 	 Avg_Return:-131.6064
root - INFO - Episode:  895 	 Avg_Return:-129.6253
root - INFO - Episode:  896 	 Avg_Return:-129.7490
root - INFO - Episode:  897 	 Avg_Return:-126.8514
root - INFO - Episode:  898 	 Avg_Return:-128.5451
root - INFO - Episode:  899 	 Avg_Return:-127.2777
root - INFO - Episode:  900 	 Avg_Return:-126.3529
root - INFO - Episode:  901 	 Avg_Return:-126.2947
root - INFO - Episode:  902 	 Avg_Return:-124.9438
root - INFO - Episode:  903 	 Avg_Return:-124.6837
root - INFO - Episode:  904 	 Avg_Return:-125.2156
root - INFO - Episode:  905 	 Avg_Return:-125.2820
root - INFO - Episode:  906 	 Avg_Return:-123.7461
root - INFO - Episode:  907 	 Avg_Return:-124.3618
root - INFO - Episode:  908 	 Avg_Return:-125.4733
root - INFO - Episode:  909 	 Avg_Return:-126.8385
root - INFO - Episode:  910 	 Avg_Return:-126.1316
root - INFO - Episode:  911 	 Avg_Return:-125.9818
root - INFO - Episode:  912 	 Avg_Return:-121.2063
root - INFO - Episode:  913 	 Avg_Return:-118.5384
root - INFO - Episode:  914 	 Avg_Return:-117.9283
root - INFO - Episode:  915 	 Avg_Return:-117.1569
root - INFO - Episode:  916 	 Avg_Return:-117.5243
root - INFO - Episode:  917 	 Avg_Return:-115.6154
root - INFO - Episode:  918 	 Avg_Return:-115.3978
root - INFO - Episode:  919 	 Avg_Return:-114.0306
root - INFO - Episode:  920 	 Avg_Return:-113.2877
root - INFO - Episode:  921 	 Avg_Return:-112.2725
root - INFO - Episode:  922 	 Avg_Return:-110.7912
root - INFO - Episode:  923 	 Avg_Return:-109.6952
root - INFO - Episode:  924 	 Avg_Return:-108.2710
root - INFO - Episode:  925 	 Avg_Return:-106.5709
root - INFO - Episode:  926 	 Avg_Return:-106.5429
root - INFO - Episode:  927 	 Avg_Return:-107.3738
root - INFO - Episode:  928 	 Avg_Return:-106.4253
root - INFO - Episode:  929 	 Avg_Return:-103.7313
root - INFO - Episode:  930 	 Avg_Return:-102.9739
root - INFO - Episode:  931 	 Avg_Return:-102.1984
root - INFO - Episode:  932 	 Avg_Return:-101.7226
root - INFO - Episode:  933 	 Avg_Return:-102.8549
root - INFO - Episode:  934 	 Avg_Return:-100.4207
root - INFO - Episode:  935 	 Avg_Return:-100.5288
root - INFO - Episode:  936 	 Avg_Return:-100.3879
root - INFO - Episode:  937 	 Avg_Return:-101.2054
root - INFO - Episode:  938 	 Avg_Return:-100.4150
root - INFO - Episode:  939 	 Avg_Return:-99.0335
root - INFO - Episode:  940 	 Avg_Return:-99.9586
root - INFO - Episode:  941 	 Avg_Return:-101.1772
root - INFO - Episode:  942 	 Avg_Return:-98.9681
root - INFO - Episode:  943 	 Avg_Return:-98.6447
root - INFO - Episode:  944 	 Avg_Return:-100.1370
root - INFO - Episode:  945 	 Avg_Return:-100.1977
root - INFO - Episode:  946 	 Avg_Return:-99.1307
root - INFO - Episode:  947 	 Avg_Return:-97.6840
root - INFO - Episode:  948 	 Avg_Return:-98.0849
root - INFO - Episode:  949 	 Avg_Return:-98.5899
root - INFO - Episode:  950 	 Avg_Return:-97.6576
root - INFO - Episode:  951 	 Avg_Return:-96.9892
root - INFO - Episode:  952 	 Avg_Return:-98.9825
root - INFO - Episode:  953 	 Avg_Return:-99.9096
root - INFO - Episode:  954 	 Avg_Return:-100.0032
root - INFO - Episode:  955 	 Avg_Return:-101.0364
root - INFO - Episode:  956 	 Avg_Return:-102.5561
root - INFO - Episode:  957 	 Avg_Return:-103.0338
root - INFO - Episode:  958 	 Avg_Return:-102.0104
root - INFO - Episode:  959 	 Avg_Return:-104.0957
root - INFO - Episode:  960 	 Avg_Return:-105.4504
root - INFO - Episode:  961 	 Avg_Return:-103.3878
root - INFO - Episode:  962 	 Avg_Return:-102.8327
root - INFO - Episode:  963 	 Avg_Return:-102.0597
root - INFO - Episode:  964 	 Avg_Return:-101.2767
root - INFO - Episode:  965 	 Avg_Return:-100.8073
root - INFO - Episode:  966 	 Avg_Return:-101.1312
root - INFO - Episode:  967 	 Avg_Return:-103.1766
root - INFO - Episode:  968 	 Avg_Return:-102.2929
root - INFO - Episode:  969 	 Avg_Return:-102.3960
root - INFO - Episode:  970 	 Avg_Return:-102.5604
root - INFO - Episode:  971 	 Avg_Return:-102.3538
root - INFO - Episode:  972 	 Avg_Return:-101.8866
root - INFO - Episode:  973 	 Avg_Return:-101.2821
root - INFO - Episode:  974 	 Avg_Return:-100.9535
root - INFO - Episode:  975 	 Avg_Return:-99.1694
root - INFO - Episode:  976 	 Avg_Return:-98.0963
root - INFO - Episode:  977 	 Avg_Return:-97.3769
root - INFO - Episode:  978 	 Avg_Return:-97.1953
root - INFO - Episode:  979 	 Avg_Return:-96.2614
root - INFO - Episode:  980 	 Avg_Return:-95.9534
root - INFO - Episode:  981 	 Avg_Return:-99.3403
root - INFO - Episode:  982 	 Avg_Return:-98.9276
root - INFO - Episode:  983 	 Avg_Return:-99.7808
root - INFO - Episode:  984 	 Avg_Return:-98.7497
root - INFO - Episode:  985 	 Avg_Return:-98.4263
root - INFO - Episode:  986 	 Avg_Return:-98.7244
root - INFO - Episode:  987 	 Avg_Return:-98.4040
root - INFO - Episode:  988 	 Avg_Return:-98.4645
root - INFO - Episode:  989 	 Avg_Return:-96.8640
root - INFO - Episode:  990 	 Avg_Return:-95.9678
root - INFO - Episode:  991 	 Avg_Return:-95.0470
root - INFO - Episode:  992 	 Avg_Return:-94.5538
root - INFO - Episode:  993 	 Avg_Return:-95.0241
root - INFO - Episode:  994 	 Avg_Return:-95.8016
root - INFO - Episode:  995 	 Avg_Return:-95.0072
root - INFO - Episode:  996 	 Avg_Return:-94.1260
root - INFO - Episode:  997 	 Avg_Return:-94.2875
root - INFO - Episode:  998 	 Avg_Return:-92.0085
root - INFO - Episode:  999 	 Avg_Return:-94.8008
root - INFO - Episode: 1000 	 Avg_Return:-96.9530
root - INFO - Episode: 1001 	 Avg_Return:-99.0143
root - INFO - Episode: 1002 	 Avg_Return:-99.4527
root - INFO - Episode: 1003 	 Avg_Return:-99.4831
root - INFO - Episode: 1004 	 Avg_Return:-100.2945
root - INFO - Episode: 1005 	 Avg_Return:-99.1246
root - INFO - Episode: 1006 	 Avg_Return:-98.7153
root - INFO - Episode: 1007 	 Avg_Return:-100.2917
root - INFO - Episode: 1008 	 Avg_Return:-99.0953
root - INFO - Episode: 1009 	 Avg_Return:-100.8557
root - INFO - Episode: 1010 	 Avg_Return:-99.8819
root - INFO - Episode: 1011 	 Avg_Return:-99.9787
root - INFO - Episode: 1012 	 Avg_Return:-101.8362
root - INFO - Episode: 1013 	 Avg_Return:-101.3543
root - INFO - Episode: 1014 	 Avg_Return:-100.4917
root - INFO - Episode: 1015 	 Avg_Return:-101.2120
root - INFO - Episode: 1016 	 Avg_Return:-100.7952
root - INFO - Episode: 1017 	 Avg_Return:-99.6119
root - INFO - Episode: 1018 	 Avg_Return:-100.6716
root - INFO - Episode: 1019 	 Avg_Return:-99.3048
root - INFO - Episode: 1020 	 Avg_Return:-99.3128
root - INFO - Episode: 1021 	 Avg_Return:-98.8478
root - INFO - Episode: 1022 	 Avg_Return:-97.4687
root - INFO - Episode: 1023 	 Avg_Return:-98.8692
root - INFO - Episode: 1024 	 Avg_Return:-98.9528
root - INFO - Episode: 1025 	 Avg_Return:-100.0687
root - INFO - Episode: 1026 	 Avg_Return:-97.6562
root - INFO - Episode: 1027 	 Avg_Return:-96.7755
root - INFO - Episode: 1028 	 Avg_Return:-95.3148
root - INFO - Episode: 1029 	 Avg_Return:-97.1756
root - INFO - Episode: 1030 	 Avg_Return:-96.3731
root - INFO - Episode: 1031 	 Avg_Return:-94.8710
root - INFO - Episode: 1032 	 Avg_Return:-94.3671
root - INFO - Episode: 1033 	 Avg_Return:-94.9442
root - INFO - Episode: 1034 	 Avg_Return:-96.0696
root - INFO - Episode: 1035 	 Avg_Return:-97.5241
root - INFO - Episode: 1036 	 Avg_Return:-97.5564
root - INFO - Episode: 1037 	 Avg_Return:-97.0269
root - INFO - Episode: 1038 	 Avg_Return:-98.9108
root - INFO - Episode: 1039 	 Avg_Return:-98.0549
root - INFO - Episode: 1040 	 Avg_Return:-98.2769
root - INFO - Episode: 1041 	 Avg_Return:-96.7599
root - INFO - Episode: 1042 	 Avg_Return:-96.1081
root - INFO - Episode: 1043 	 Avg_Return:-95.7670
root - INFO - Episode: 1044 	 Avg_Return:-93.9296
root - INFO - Episode: 1045 	 Avg_Return:-92.3523
root - INFO - Episode: 1046 	 Avg_Return:-92.5405
root - INFO - Episode: 1047 	 Avg_Return:-93.2969
root - INFO - Episode: 1048 	 Avg_Return:-93.3727
root - INFO - Episode: 1049 	 Avg_Return:-91.8951
root - INFO - Episode: 1050 	 Avg_Return:-92.8231
root - INFO - Episode: 1051 	 Avg_Return:-92.5859
root - INFO - Episode: 1052 	 Avg_Return:-89.9555
root - INFO - Episode: 1053 	 Avg_Return:-88.5256
root - INFO - Episode: 1054 	 Avg_Return:-87.3551
root - INFO - Episode: 1055 	 Avg_Return:-86.8758
root - INFO - 
 Performance has improved. Saving model.

root - INFO - Episode: 1056 	 Avg_Return:-85.4610
root - INFO - 
 Performance has improved. Saving model.

root - INFO - Episode: 1057 	 Avg_Return:-84.8016
root - INFO - Episode: 1058 	 Avg_Return:-86.3724
root - INFO - 
 Performance has improved. Saving model.

root - INFO - Episode: 1059 	 Avg_Return:-84.1932
root - INFO - 
 Performance has improved. Saving model.

root - INFO - Episode: 1060 	 Avg_Return:-83.2134
root - INFO - 
 Performance has improved. Saving model.

root - INFO - Episode: 1061 	 Avg_Return:-82.9506
root - INFO - Episode: 1062 	 Avg_Return:-83.2887
root - INFO - Episode: 1063 	 Avg_Return:-84.6441
root - INFO - Episode: 1064 	 Avg_Return:-84.5118
root - INFO - Episode: 1065 	 Avg_Return:-84.3785
root - INFO - Episode: 1066 	 Avg_Return:-84.2373
root - INFO - 
 Performance has improved. Saving model.

root - INFO - Episode: 1067 	 Avg_Return:-82.0296
root - INFO - Episode: 1068 	 Avg_Return:-82.9831
root - INFO - Episode: 1069 	 Avg_Return:-83.8324
root - INFO - Episode: 1070 	 Avg_Return:-83.9378
root - INFO - Episode: 1071 	 Avg_Return:-83.2769
root - INFO - Episode: 1072 	 Avg_Return:-84.4555
root - INFO - Episode: 1073 	 Avg_Return:-85.0936
root - INFO - Episode: 1074 	 Avg_Return:-86.7558
root - INFO - Episode: 1075 	 Avg_Return:-87.0594
root - INFO - Episode: 1076 	 Avg_Return:-87.7225
root - INFO - Episode: 1077 	 Avg_Return:-88.4407
root - INFO - Episode: 1078 	 Avg_Return:-87.8384
root - INFO - Episode: 1079 	 Avg_Return:-88.5841
root - INFO - Episode: 1080 	 Avg_Return:-89.3879
root - INFO - Episode: 1081 	 Avg_Return:-85.6007
root - INFO - Episode: 1082 	 Avg_Return:-86.3230
root - INFO - Episode: 1083 	 Avg_Return:-85.3822
root - INFO - Episode: 1084 	 Avg_Return:-85.9246
root - INFO - Episode: 1085 	 Avg_Return:-85.5317
root - INFO - Episode: 1086 	 Avg_Return:-86.1214
root - INFO - Episode: 1087 	 Avg_Return:-87.1507
root - INFO - Episode: 1088 	 Avg_Return:-87.2224
root - INFO - Episode: 1089 	 Avg_Return:-87.2654
root - INFO - Episode: 1090 	 Avg_Return:-88.2008
root - INFO - Episode: 1091 	 Avg_Return:-88.4664
root - INFO - Episode: 1092 	 Avg_Return:-89.5162
root - INFO - Episode: 1093 	 Avg_Return:-89.9782
root - INFO - Episode: 1094 	 Avg_Return:-90.0885
root - INFO - Episode: 1095 	 Avg_Return:-90.8210
root - INFO - Episode: 1096 	 Avg_Return:-91.4938
root - INFO - Episode: 1097 	 Avg_Return:-94.6446
root - INFO - Episode: 1098 	 Avg_Return:-95.5920
root - INFO - Episode: 1099 	 Avg_Return:-92.8089
root - INFO - Episode: 1100 	 Avg_Return:-91.5119
root - INFO - Episode: 1101 	 Avg_Return:-89.7561
root - INFO - Episode: 1102 	 Avg_Return:-90.6154
root - INFO - Episode: 1103 	 Avg_Return:-91.2843
root - INFO - Episode: 1104 	 Avg_Return:-89.9857
root - INFO - Episode: 1105 	 Avg_Return:-89.9891
root - INFO - Episode: 1106 	 Avg_Return:-90.7549
root - INFO - Episode: 1107 	 Avg_Return:-88.8374
root - INFO - Episode: 1108 	 Avg_Return:-88.9752
root - INFO - Episode: 1109 	 Avg_Return:-87.1830
root - INFO - Episode: 1110 	 Avg_Return:-87.8516
root - INFO - Episode: 1111 	 Avg_Return:-87.5508
root - INFO - Episode: 1112 	 Avg_Return:-86.3112
root - INFO - Episode: 1113 	 Avg_Return:-87.2260
root - INFO - Episode: 1114 	 Avg_Return:-88.0174
root - INFO - Episode: 1115 	 Avg_Return:-87.3964
root - INFO - Episode: 1116 	 Avg_Return:-88.0002
root - INFO - Episode: 1117 	 Avg_Return:-91.8580
root - INFO - Episode: 1118 	 Avg_Return:-91.6766
root - INFO - Episode: 1119 	 Avg_Return:-92.3731
root - INFO - Episode: 1120 	 Avg_Return:-92.4193
root - INFO - Episode: 1121 	 Avg_Return:-92.2679
root - INFO - Episode: 1122 	 Avg_Return:-93.1743
root - INFO - Episode: 1123 	 Avg_Return:-92.1349
root - INFO - Episode: 1124 	 Avg_Return:-91.5809
root - INFO - Episode: 1125 	 Avg_Return:-90.0561
root - INFO - Episode: 1126 	 Avg_Return:-91.6143
root - INFO - Episode: 1127 	 Avg_Return:-92.1767
root - INFO - Episode: 1128 	 Avg_Return:-93.4205
root - INFO - Episode: 1129 	 Avg_Return:-92.1496
root - INFO - Episode: 1130 	 Avg_Return:-92.2000
root - INFO - Episode: 1131 	 Avg_Return:-93.2297
root - INFO - Episode: 1132 	 Avg_Return:-93.5235
root - INFO - Episode: 1133 	 Avg_Return:-92.7119
root - INFO - Episode: 1134 	 Avg_Return:-92.5907
root - INFO - Episode: 1135 	 Avg_Return:-91.3756
root - INFO - Episode: 1136 	 Avg_Return:-91.5873
root - INFO - Episode: 1137 	 Avg_Return:-92.2761
root - INFO - Episode: 1138 	 Avg_Return:-91.2341
root - INFO - Episode: 1139 	 Avg_Return:-92.1746
root - INFO - Episode: 1140 	 Avg_Return:-91.1070
root - INFO - Episode: 1141 	 Avg_Return:-92.0692
root - INFO - Episode: 1142 	 Avg_Return:-92.8288
root - INFO - Episode: 1143 	 Avg_Return:-93.4910
root - INFO - Episode: 1144 	 Avg_Return:-94.2741
root - INFO - Episode: 1145 	 Avg_Return:-94.7889
root - INFO - Episode: 1146 	 Avg_Return:-95.1567
root - INFO - Episode: 1147 	 Avg_Return:-95.2860
root - INFO - Episode: 1148 	 Avg_Return:-95.0627
root - INFO - Episode: 1149 	 Avg_Return:-96.1902
root - INFO - Episode: 1150 	 Avg_Return:-95.9606
root - INFO - Episode: 1151 	 Avg_Return:-96.2395
root - INFO - Episode: 1152 	 Avg_Return:-97.3892
root - INFO - Episode: 1153 	 Avg_Return:-97.5013
root - INFO - Episode: 1154 	 Avg_Return:-97.4429
root - INFO - Episode: 1155 	 Avg_Return:-97.6638
root - INFO - Episode: 1156 	 Avg_Return:-97.0355
root - INFO - Episode: 1157 	 Avg_Return:-98.1537
root - INFO - Episode: 1158 	 Avg_Return:-97.7882
root - INFO - Episode: 1159 	 Avg_Return:-97.9802
root - INFO - Episode: 1160 	 Avg_Return:-98.2870
root - INFO - Episode: 1161 	 Avg_Return:-98.4248
root - INFO - Episode: 1162 	 Avg_Return:-99.0328
root - INFO - Episode: 1163 	 Avg_Return:-98.3741
root - INFO - Episode: 1164 	 Avg_Return:-98.8356
root - INFO - Episode: 1165 	 Avg_Return:-99.3978
root - INFO - Episode: 1166 	 Avg_Return:-99.7185
root - INFO - Episode: 1167 	 Avg_Return:-100.1231
root - INFO - Episode: 1168 	 Avg_Return:-100.1730
root - INFO - Episode: 1169 	 Avg_Return:-99.8348
root - INFO - Episode: 1170 	 Avg_Return:-100.7236
root - INFO - Episode: 1171 	 Avg_Return:-100.4026
root - INFO - Episode: 1172 	 Avg_Return:-100.0001
root - INFO - Episode: 1173 	 Avg_Return:-99.9120
root - INFO - Episode: 1174 	 Avg_Return:-99.0025
root - INFO - Episode: 1175 	 Avg_Return:-99.4436
root - INFO - Episode: 1176 	 Avg_Return:-99.9585
root - INFO - Episode: 1177 	 Avg_Return:-100.0336
root - INFO - Episode: 1178 	 Avg_Return:-100.3693
root - INFO - Episode: 1179 	 Avg_Return:-100.5868
root - INFO - Episode: 1180 	 Avg_Return:-100.4614
root - INFO - Episode: 1181 	 Avg_Return:-102.1786
root - INFO - Episode: 1182 	 Avg_Return:-101.6946
root - INFO - Episode: 1183 	 Avg_Return:-102.0383
root - INFO - Episode: 1184 	 Avg_Return:-102.1437
root - INFO - Episode: 1185 	 Avg_Return:-102.8542
root - INFO - Episode: 1186 	 Avg_Return:-103.1770
root - INFO - Episode: 1187 	 Avg_Return:-102.0446
root - INFO - Episode: 1188 	 Avg_Return:-101.6675
root - INFO - Episode: 1189 	 Avg_Return:-101.5196
root - INFO - Episode: 1190 	 Avg_Return:-100.3588
root - INFO - Episode: 1191 	 Avg_Return:-100.9742
root - INFO - Episode: 1192 	 Avg_Return:-100.7235
root - INFO - Episode: 1193 	 Avg_Return:-101.2311
root - INFO - Episode: 1194 	 Avg_Return:-100.3923
root - INFO - Episode: 1195 	 Avg_Return:-100.3906
root - INFO - Episode: 1196 	 Avg_Return:-100.1132
root - INFO - Episode: 1197 	 Avg_Return:-97.3012
root - INFO - Episode: 1198 	 Avg_Return:-97.2839
root - INFO - Episode: 1199 	 Avg_Return:-97.3818
root - INFO - Episode: 1200 	 Avg_Return:-97.7242
root - INFO - Episode: 1201 	 Avg_Return:-97.0912
root - INFO - Episode: 1202 	 Avg_Return:-97.1327
root - INFO - Episode: 1203 	 Avg_Return:-97.5825
root - INFO - Episode: 1204 	 Avg_Return:-97.9846
root - INFO - Episode: 1205 	 Avg_Return:-97.9909
root - INFO - Episode: 1206 	 Avg_Return:-97.7523
root - INFO - Episode: 1207 	 Avg_Return:-97.3931
root - INFO - Episode: 1208 	 Avg_Return:-98.1072
root - INFO - Episode: 1209 	 Avg_Return:-97.8344
root - INFO - Episode: 1210 	 Avg_Return:-97.9675
root - INFO - Episode: 1211 	 Avg_Return:-97.9539
root - INFO - Episode: 1212 	 Avg_Return:-97.2978
root - INFO - Episode: 1213 	 Avg_Return:-96.5573
root - INFO - Episode: 1214 	 Avg_Return:-96.4903
root - INFO - Episode: 1215 	 Avg_Return:-96.1287
root - INFO - Episode: 1216 	 Avg_Return:-95.7090
root - INFO - Episode: 1217 	 Avg_Return:-93.1463
root - INFO - Episode: 1218 	 Avg_Return:-92.7705
root - INFO - Episode: 1219 	 Avg_Return:-92.2387
root - INFO - Episode: 1220 	 Avg_Return:-91.6894
root - INFO - Episode: 1221 	 Avg_Return:-93.0111
root - INFO - Episode: 1222 	 Avg_Return:-91.7836
root - INFO - Episode: 1223 	 Avg_Return:-91.6702
root - INFO - Episode: 1224 	 Avg_Return:-91.4569
root - INFO - Episode: 1225 	 Avg_Return:-91.0536
root - INFO - Episode: 1226 	 Avg_Return:-90.9587
root - INFO - Episode: 1227 	 Avg_Return:-90.4267
root - INFO - Episode: 1228 	 Avg_Return:-89.5190
root - INFO - Episode: 1229 	 Avg_Return:-89.0882
root - INFO - Episode: 1230 	 Avg_Return:-89.3312
root - INFO - Episode: 1231 	 Avg_Return:-88.5096
root - INFO - Episode: 1232 	 Avg_Return:-88.0309
root - INFO - Episode: 1233 	 Avg_Return:-86.9452
root - INFO - Episode: 1234 	 Avg_Return:-85.7294
root - INFO - Episode: 1235 	 Avg_Return:-86.2073
root - INFO - Episode: 1236 	 Avg_Return:-86.5436
root - INFO - Episode: 1237 	 Avg_Return:-86.0753
root - INFO - Episode: 1238 	 Avg_Return:-84.8116
root - INFO - Episode: 1239 	 Avg_Return:-85.3614
root - INFO - Episode: 1240 	 Avg_Return:-85.3217
root - INFO - Episode: 1241 	 Avg_Return:-83.7362
root - INFO - Episode: 1242 	 Avg_Return:-83.7640
root - INFO - Episode: 1243 	 Avg_Return:-82.8469
root - INFO - Episode: 1244 	 Avg_Return:-83.1640
root - INFO - Episode: 1245 	 Avg_Return:-82.4990
root - INFO - 
 Performance has improved. Saving model.

root - INFO - Episode: 1246 	 Avg_Return:-81.6275
root - INFO - 
 Performance has improved. Saving model.

root - INFO - Episode: 1247 	 Avg_Return:-80.8731
root - INFO - 
 Performance has improved. Saving model.

root - INFO - Episode: 1248 	 Avg_Return:-80.7757
root - INFO - 
 Performance has improved. Saving model.

root - INFO - Episode: 1249 	 Avg_Return:-80.1465
root - INFO - 
 Performance has improved. Saving model.

root - INFO - Episode: 1250 	 Avg_Return:-79.2419
root - INFO - 
 Performance has improved. Saving model.

root - INFO - Episode: 1251 	 Avg_Return:-78.4178
root - INFO - 
 Performance has improved. Saving model.

root - INFO - Episode: 1252 	 Avg_Return:-78.1174
root - INFO - 
 Performance has improved. Saving model.

root - INFO - Episode: 1253 	 Avg_Return:-77.8447
root - INFO - 
 Performance has improved. Saving model.

root - INFO - Episode: 1254 	 Avg_Return:-77.7792
root - INFO - Episode: 1255 	 Avg_Return:-78.5373
root - INFO - Episode: 1256 	 Avg_Return:-80.4715
root - INFO - Episode: 1257 	 Avg_Return:-80.9031
root - INFO - Episode: 1258 	 Avg_Return:-79.9312
root - INFO - Episode: 1259 	 Avg_Return:-80.0037
root - INFO - Episode: 1260 	 Avg_Return:-80.2196
root - INFO - Episode: 1261 	 Avg_Return:-81.4949
root - INFO - Episode: 1262 	 Avg_Return:-80.4413
root - INFO - Episode: 1263 	 Avg_Return:-79.8483
root - INFO - Episode: 1264 	 Avg_Return:-79.6761
root - INFO - Episode: 1265 	 Avg_Return:-78.8864
root - INFO - Episode: 1266 	 Avg_Return:-79.0398
root - INFO - Episode: 1267 	 Avg_Return:-78.6643
root - INFO - 
 Performance has improved. Saving model.

root - INFO - Episode: 1268 	 Avg_Return:-77.7394
root - INFO - 
 Performance has improved. Saving model.

root - INFO - Episode: 1269 	 Avg_Return:-76.6308
root - INFO - 
 Performance has improved. Saving model.

root - INFO - Episode: 1270 	 Avg_Return:-75.7200
root - INFO - Episode: 1271 	 Avg_Return:-76.3809
root - INFO - 
 Performance has improved. Saving model.

root - INFO - Episode: 1272 	 Avg_Return:-74.9357
root - INFO - 
 Performance has improved. Saving model.

root - INFO - Episode: 1273 	 Avg_Return:-74.5112
root - INFO - 
 Performance has improved. Saving model.

root - INFO - Episode: 1274 	 Avg_Return:-73.7867
root - INFO - 
 Performance has improved. Saving model.

root - INFO - Episode: 1275 	 Avg_Return:-72.9469
root - INFO - Episode: 1276 	 Avg_Return:-73.1901
root - INFO - Episode: 1277 	 Avg_Return:-73.9707
root - INFO - 
 Performance has improved. Saving model.

root - INFO - Episode: 1278 	 Avg_Return:-72.9148
root - INFO - 
 Performance has improved. Saving model.

root - INFO - Episode: 1279 	 Avg_Return:-71.8748
root - INFO - 
 Performance has improved. Saving model.

root - INFO - Episode: 1280 	 Avg_Return:-70.5981
root - INFO - 
 Performance has improved. Saving model.

root - INFO - Episode: 1281 	 Avg_Return:-70.2598
root - INFO - 
 Performance has improved. Saving model.

root - INFO - Episode: 1282 	 Avg_Return:-69.2303
root - INFO - Episode: 1283 	 Avg_Return:-69.6108
root - INFO - 
 Performance has improved. Saving model.

root - INFO - Episode: 1284 	 Avg_Return:-68.9375
root - INFO - 
 Performance has improved. Saving model.

root - INFO - Episode: 1285 	 Avg_Return:-67.4647
root - INFO - 
 Performance has improved. Saving model.

root - INFO - Episode: 1286 	 Avg_Return:-67.3879
root - INFO - 
 Performance has improved. Saving model.

root - INFO - Episode: 1287 	 Avg_Return:-66.9133
root - INFO - Episode: 1288 	 Avg_Return:-67.5001
root - INFO - Episode: 1289 	 Avg_Return:-67.3875
root - INFO - Episode: 1290 	 Avg_Return:-68.1033
root - INFO - Episode: 1291 	 Avg_Return:-68.6135
root - INFO - Episode: 1292 	 Avg_Return:-69.2903
root - INFO - Episode: 1293 	 Avg_Return:-68.3421
root - INFO - Episode: 1294 	 Avg_Return:-69.5505
root - INFO - Episode: 1295 	 Avg_Return:-70.3821
root - INFO - Episode: 1296 	 Avg_Return:-70.2007
root - INFO - Episode: 1297 	 Avg_Return:-70.5634
root - INFO - Episode: 1298 	 Avg_Return:-71.2326
root - INFO - Episode: 1299 	 Avg_Return:-72.1858
root - INFO - Episode: 1300 	 Avg_Return:-71.9647
root - INFO - Episode: 1301 	 Avg_Return:-73.0531
root - INFO - Episode: 1302 	 Avg_Return:-72.7968
root - INFO - Episode: 1303 	 Avg_Return:-71.9535
root - INFO - Episode: 1304 	 Avg_Return:-71.9834
root - INFO - Episode: 1305 	 Avg_Return:-72.1740
root - INFO - Episode: 1306 	 Avg_Return:-72.2369
root - INFO - Episode: 1307 	 Avg_Return:-72.8962
root - INFO - Episode: 1308 	 Avg_Return:-71.9374
root - INFO - Episode: 1309 	 Avg_Return:-71.6796
root - INFO - Episode: 1310 	 Avg_Return:-71.7326
root - INFO - Episode: 1311 	 Avg_Return:-72.4221
root - INFO - Episode: 1312 	 Avg_Return:-73.0493
root - INFO - Episode: 1313 	 Avg_Return:-73.3221
root - INFO - Episode: 1314 	 Avg_Return:-73.0559
root - INFO - Episode: 1315 	 Avg_Return:-74.3085
root - INFO - Episode: 1316 	 Avg_Return:-75.0614
root - INFO - Episode: 1317 	 Avg_Return:-75.3407
root - INFO - Episode: 1318 	 Avg_Return:-74.7354
root - INFO - Episode: 1319 	 Avg_Return:-75.7134
root - INFO - Episode: 1320 	 Avg_Return:-75.3439
root - INFO - Episode: 1321 	 Avg_Return:-73.9105
root - INFO - Episode: 1322 	 Avg_Return:-74.8682
root - INFO - Episode: 1323 	 Avg_Return:-74.3899
root - INFO - Episode: 1324 	 Avg_Return:-74.3827
root - INFO - Episode: 1325 	 Avg_Return:-74.9182
root - INFO - Episode: 1326 	 Avg_Return:-74.7173
root - INFO - Episode: 1327 	 Avg_Return:-75.0024
root - INFO - Episode: 1328 	 Avg_Return:-76.1463
root - INFO - Episode: 1329 	 Avg_Return:-76.6361
root - INFO - Episode: 1330 	 Avg_Return:-75.9541
root - INFO - Episode: 1331 	 Avg_Return:-75.8133
root - INFO - Episode: 1332 	 Avg_Return:-76.9041
root - INFO - Episode: 1333 	 Avg_Return:-77.7690
root - INFO - Episode: 1334 	 Avg_Return:-78.1585
root - INFO - Episode: 1335 	 Avg_Return:-77.8124
root - INFO - Episode: 1336 	 Avg_Return:-77.5157
root - INFO - Episode: 1337 	 Avg_Return:-77.0104
root - INFO - Episode: 1338 	 Avg_Return:-77.9380
root - INFO - Episode: 1339 	 Avg_Return:-76.9500
root - INFO - Episode: 1340 	 Avg_Return:-78.3235
root - INFO - Episode: 1341 	 Avg_Return:-79.5261
root - INFO - Episode: 1342 	 Avg_Return:-79.4113
root - INFO - Episode: 1343 	 Avg_Return:-80.3063
root - INFO - Episode: 1344 	 Avg_Return:-80.1770
root - INFO - Episode: 1345 	 Avg_Return:-81.2630
root - INFO - Episode: 1346 	 Avg_Return:-82.2364
root - INFO - Episode: 1347 	 Avg_Return:-82.9599
root - INFO - Episode: 1348 	 Avg_Return:-82.8836
root - INFO - Episode: 1349 	 Avg_Return:-83.4900
root - INFO - Episode: 1350 	 Avg_Return:-84.0834
root - INFO - Episode: 1351 	 Avg_Return:-83.8513
root - INFO - Episode: 1352 	 Avg_Return:-83.5609
root - INFO - Episode: 1353 	 Avg_Return:-84.2616
root - INFO - Episode: 1354 	 Avg_Return:-84.8603
root - INFO - Episode: 1355 	 Avg_Return:-83.9861
root - INFO - Episode: 1356 	 Avg_Return:-83.1548
root - INFO - Episode: 1357 	 Avg_Return:-82.5653
root - INFO - Episode: 1358 	 Avg_Return:-83.2419
root - INFO - Episode: 1359 	 Avg_Return:-83.2142
root - INFO - Episode: 1360 	 Avg_Return:-82.9883
root - INFO - Episode: 1361 	 Avg_Return:-81.7694
root - INFO - Episode: 1362 	 Avg_Return:-82.8425
root - INFO - Episode: 1363 	 Avg_Return:-83.4522
root - INFO - Episode: 1364 	 Avg_Return:-82.7454
root - INFO - Episode: 1365 	 Avg_Return:-83.4290
root - INFO - Episode: 1366 	 Avg_Return:-83.7245
root - INFO - Episode: 1367 	 Avg_Return:-84.4941
root - INFO - Episode: 1368 	 Avg_Return:-84.8512
root - INFO - Episode: 1369 	 Avg_Return:-84.8008
root - INFO - Episode: 1370 	 Avg_Return:-85.7367
root - INFO - Episode: 1371 	 Avg_Return:-82.8440
root - INFO - Episode: 1372 	 Avg_Return:-83.6124
root - INFO - Episode: 1373 	 Avg_Return:-84.6006
root - INFO - Episode: 1374 	 Avg_Return:-85.4035
root - INFO - Episode: 1375 	 Avg_Return:-85.7983
root - INFO - Episode: 1376 	 Avg_Return:-84.3849
root - INFO - Episode: 1377 	 Avg_Return:-82.9820
root - INFO - Episode: 1378 	 Avg_Return:-84.0280
root - INFO - Episode: 1379 	 Avg_Return:-85.3125
root - INFO - Episode: 1380 	 Avg_Return:-85.5390
root - INFO - Episode: 1381 	 Avg_Return:-84.9672
root - INFO - Episode: 1382 	 Avg_Return:-86.9722
root - INFO - Episode: 1383 	 Avg_Return:-87.0188
root - INFO - Episode: 1384 	 Avg_Return:-87.0408
root - INFO - Episode: 1385 	 Avg_Return:-88.2221
root - INFO - Episode: 1386 	 Avg_Return:-88.2509
root - INFO - Episode: 1387 	 Avg_Return:-88.9270
root - INFO - Episode: 1388 	 Avg_Return:-88.6932
root - INFO - Episode: 1389 	 Avg_Return:-88.5031
root - INFO - Episode: 1390 	 Avg_Return:-88.3652
root - INFO - Episode: 1391 	 Avg_Return:-88.4481
root - INFO - Episode: 1392 	 Avg_Return:-87.3212
root - INFO - Episode: 1393 	 Avg_Return:-86.9805
root - INFO - Episode: 1394 	 Avg_Return:-87.0544
root - INFO - Episode: 1395 	 Avg_Return:-86.7891
root - INFO - Episode: 1396 	 Avg_Return:-86.6305
root - INFO - Episode: 1397 	 Avg_Return:-86.2760
root - INFO - Episode: 1398 	 Avg_Return:-85.4017
root - INFO - Episode: 1399 	 Avg_Return:-84.7612
root - INFO - Episode: 1400 	 Avg_Return:-84.7944
root - INFO - Episode: 1401 	 Avg_Return:-84.2401
root - INFO - Episode: 1402 	 Avg_Return:-83.6159
root - INFO - Episode: 1403 	 Avg_Return:-84.0184
root - INFO - Episode: 1404 	 Avg_Return:-83.4433
root - INFO - Episode: 1405 	 Avg_Return:-83.4173
root - INFO - Episode: 1406 	 Avg_Return:-83.4884
root - INFO - Episode: 1407 	 Avg_Return:-82.3798
root - INFO - Episode: 1408 	 Avg_Return:-82.4279
root - INFO - Episode: 1409 	 Avg_Return:-82.8844
root - INFO - Episode: 1410 	 Avg_Return:-82.3530
root - INFO - Episode: 1411 	 Avg_Return:-82.3408
root - INFO - Episode: 1412 	 Avg_Return:-81.8537
root - INFO - Episode: 1413 	 Avg_Return:-81.8947
root - INFO - Episode: 1414 	 Avg_Return:-81.1818
root - INFO - Episode: 1415 	 Avg_Return:-80.9395
root - INFO - Episode: 1416 	 Avg_Return:-80.5057
root - INFO - Episode: 1417 	 Avg_Return:-80.3271
root - INFO - Episode: 1418 	 Avg_Return:-80.0391
root - INFO - Episode: 1419 	 Avg_Return:-78.6989
root - INFO - Episode: 1420 	 Avg_Return:-78.4057
root - INFO - Episode: 1421 	 Avg_Return:-78.5111
root - INFO - Episode: 1422 	 Avg_Return:-79.5372
root - INFO - Episode: 1423 	 Avg_Return:-79.5238
root - INFO - Episode: 1424 	 Avg_Return:-80.1672
root - INFO - Episode: 1425 	 Avg_Return:-79.5000
root - INFO - Episode: 1426 	 Avg_Return:-79.5882
root - INFO - Episode: 1427 	 Avg_Return:-79.9497
root - INFO - Episode: 1428 	 Avg_Return:-79.1712
root - INFO - Episode: 1429 	 Avg_Return:-78.8248
root - INFO - Episode: 1430 	 Avg_Return:-79.0413
root - INFO - Episode: 1431 	 Avg_Return:-78.6261
root - INFO - Episode: 1432 	 Avg_Return:-77.6493
root - INFO - Episode: 1433 	 Avg_Return:-77.6642
root - INFO - Episode: 1434 	 Avg_Return:-77.6932
root - INFO - Episode: 1435 	 Avg_Return:-78.6753
root - INFO - Episode: 1436 	 Avg_Return:-78.8078
root - INFO - Episode: 1437 	 Avg_Return:-78.9020
root - INFO - Episode: 1438 	 Avg_Return:-78.5029
root - INFO - Episode: 1439 	 Avg_Return:-78.1630
root - INFO - Episode: 1440 	 Avg_Return:-77.4544
root - INFO - Episode: 1441 	 Avg_Return:-76.8484
root - INFO - Episode: 1442 	 Avg_Return:-76.7061
root - INFO - Episode: 1443 	 Avg_Return:-76.4393
root - INFO - Episode: 1444 	 Avg_Return:-76.0065
root - INFO - Episode: 1445 	 Avg_Return:-75.9268
root - INFO - Episode: 1446 	 Avg_Return:-75.1746
root - INFO - Episode: 1447 	 Avg_Return:-75.1266
root - INFO - Episode: 1448 	 Avg_Return:-75.0511
root - INFO - Episode: 1449 	 Avg_Return:-75.0214
root - INFO - Episode: 1450 	 Avg_Return:-74.7262
root - INFO - Episode: 1451 	 Avg_Return:-75.1371
root - INFO - Episode: 1452 	 Avg_Return:-74.5698
root - INFO - Episode: 1453 	 Avg_Return:-74.1191
root - INFO - Episode: 1454 	 Avg_Return:-73.1599
root - INFO - Episode: 1455 	 Avg_Return:-72.7621
root - INFO - Episode: 1456 	 Avg_Return:-72.2833
root - INFO - Episode: 1457 	 Avg_Return:-71.8924
root - INFO - Episode: 1458 	 Avg_Return:-71.8749
root - INFO - Episode: 1459 	 Avg_Return:-72.0405
root - INFO - Episode: 1460 	 Avg_Return:-71.7306
root - INFO - Episode: 1461 	 Avg_Return:-71.0588
root - INFO - Episode: 1462 	 Avg_Return:-69.5948
root - INFO - Episode: 1463 	 Avg_Return:-68.4726
root - INFO - Episode: 1464 	 Avg_Return:-68.4825
root - INFO - Episode: 1465 	 Avg_Return:-69.9687
root - INFO - Episode: 1466 	 Avg_Return:-69.2353
root - INFO - Episode: 1467 	 Avg_Return:-68.1724
root - INFO - Episode: 1468 	 Avg_Return:-68.4957
root - INFO - Episode: 1469 	 Avg_Return:-68.9188
root - INFO - Episode: 1470 	 Avg_Return:-67.8064
root - INFO - Episode: 1471 	 Avg_Return:-70.6119
root - INFO - Episode: 1472 	 Avg_Return:-70.0474
root - INFO - Episode: 1473 	 Avg_Return:-69.9095
root - INFO - Episode: 1474 	 Avg_Return:-69.0774
root - INFO - Episode: 1475 	 Avg_Return:-69.0434
root - INFO - Episode: 1476 	 Avg_Return:-69.7031
root - INFO - Episode: 1477 	 Avg_Return:-70.2014
root - INFO - Episode: 1478 	 Avg_Return:-70.4084
root - INFO - Episode: 1479 	 Avg_Return:-69.2340
root - INFO - Episode: 1480 	 Avg_Return:-68.7561
root - INFO - Episode: 1481 	 Avg_Return:-69.7530
root - INFO - Episode: 1482 	 Avg_Return:-69.0527
root - INFO - Episode: 1483 	 Avg_Return:-68.0959
root - INFO - Episode: 1484 	 Avg_Return:-68.8698
root - INFO - Episode: 1485 	 Avg_Return:-68.2949
root - INFO - Episode: 1486 	 Avg_Return:-68.7369
root - INFO - Episode: 1487 	 Avg_Return:-68.6756
root - INFO - Episode: 1488 	 Avg_Return:-68.2146
root - INFO - Episode: 1489 	 Avg_Return:-67.9998
root - INFO - Episode: 1490 	 Avg_Return:-68.0166
root - INFO - Episode: 1491 	 Avg_Return:-67.8761
root - INFO - Episode: 1492 	 Avg_Return:-68.2860
root - INFO - Episode: 1493 	 Avg_Return:-68.5814
root - INFO - Episode: 1494 	 Avg_Return:-67.9317
root - INFO - Episode: 1495 	 Avg_Return:-67.8656
root - INFO - Episode: 1496 	 Avg_Return:-68.4363
root - INFO - Episode: 1497 	 Avg_Return:-68.5384
root - INFO - Episode: 1498 	 Avg_Return:-68.1982
root - INFO - Episode: 1499 	 Avg_Return:-68.1827
root - INFO - Episode: 1500 	 Avg_Return:-68.8560
root - INFO - Episode: 1501 	 Avg_Return:-68.9918
root - INFO - Episode: 1502 	 Avg_Return:-69.1848
root - INFO - Episode: 1503 	 Avg_Return:-68.4823
root - INFO - Episode: 1504 	 Avg_Return:-68.2590
root - INFO - Episode: 1505 	 Avg_Return:-67.8305
root - INFO - Episode: 1506 	 Avg_Return:-68.3878
root - INFO - Episode: 1507 	 Avg_Return:-68.6865
root - INFO - Episode: 1508 	 Avg_Return:-68.3979
root - INFO - Episode: 1509 	 Avg_Return:-67.4254
root - INFO - Episode: 1510 	 Avg_Return:-68.4733
root - INFO - Episode: 1511 	 Avg_Return:-67.7759
root - INFO - Episode: 1512 	 Avg_Return:-67.6308
root - INFO - Episode: 1513 	 Avg_Return:-67.4666
root - INFO - Episode: 1514 	 Avg_Return:-68.0510
root - INFO - Episode: 1515 	 Avg_Return:-67.7167
root - INFO - Episode: 1516 	 Avg_Return:-67.5564
root - INFO - Episode: 1517 	 Avg_Return:-67.7187
root - INFO - Episode: 1518 	 Avg_Return:-68.4406
root - INFO - Episode: 1519 	 Avg_Return:-69.1585
root - INFO - Episode: 1520 	 Avg_Return:-68.6216
root - INFO - Episode: 1521 	 Avg_Return:-68.5265
root - INFO - 
 Performance has improved. Saving model.

root - INFO - Episode: 1522 	 Avg_Return:-66.6402
root - INFO - 
 Performance has improved. Saving model.

root - INFO - Episode: 1523 	 Avg_Return:-66.5607
root - INFO - 
 Performance has improved. Saving model.

root - INFO - Episode: 1524 	 Avg_Return:-66.4002
root - INFO - Episode: 1525 	 Avg_Return:-67.0374
root - INFO - Episode: 1526 	 Avg_Return:-67.0080
root - INFO - Episode: 1527 	 Avg_Return:-66.9550
root - INFO - Episode: 1528 	 Avg_Return:-67.5280
root - INFO - Episode: 1529 	 Avg_Return:-67.5733
root - INFO - Episode: 1530 	 Avg_Return:-67.7345
root - INFO - Episode: 1531 	 Avg_Return:-68.7285
root - INFO - Episode: 1532 	 Avg_Return:-70.1864
root - INFO - Episode: 1533 	 Avg_Return:-70.2292
root - INFO - Episode: 1534 	 Avg_Return:-71.2836
root - INFO - Episode: 1535 	 Avg_Return:-69.9877
root - INFO - Episode: 1536 	 Avg_Return:-70.5415
root - INFO - Episode: 1537 	 Avg_Return:-70.7249
root - INFO - Episode: 1538 	 Avg_Return:-70.9615
root - INFO - Episode: 1539 	 Avg_Return:-71.3763
root - INFO - Episode: 1540 	 Avg_Return:-70.5472
root - INFO - Episode: 1541 	 Avg_Return:-71.4649
root - INFO - Episode: 1542 	 Avg_Return:-71.1361
root - INFO - Episode: 1543 	 Avg_Return:-71.0493
root - INFO - Episode: 1544 	 Avg_Return:-71.5037
root - INFO - Episode: 1545 	 Avg_Return:-71.3076
root - INFO - Episode: 1546 	 Avg_Return:-70.8487
root - INFO - Episode: 1547 	 Avg_Return:-70.2882
root - INFO - Episode: 1548 	 Avg_Return:-70.4702
root - INFO - Episode: 1549 	 Avg_Return:-71.5341
root - INFO - Episode: 1550 	 Avg_Return:-71.3580
root - INFO - Episode: 1551 	 Avg_Return:-71.4475
root - INFO - Episode: 1552 	 Avg_Return:-72.9756
root - INFO - Episode: 1553 	 Avg_Return:-73.3018
root - INFO - Episode: 1554 	 Avg_Return:-74.0778
root - INFO - Episode: 1555 	 Avg_Return:-74.4885
root - INFO - Episode: 1556 	 Avg_Return:-74.3928
root - INFO - Episode: 1557 	 Avg_Return:-75.4253
root - INFO - Episode: 1558 	 Avg_Return:-76.2505
root - INFO - Episode: 1559 	 Avg_Return:-74.9440
root - INFO - Episode: 1560 	 Avg_Return:-74.0138
root - INFO - Episode: 1561 	 Avg_Return:-75.3086
root - INFO - Episode: 1562 	 Avg_Return:-75.8102
root - INFO - Episode: 1563 	 Avg_Return:-75.8632
root - INFO - Episode: 1564 	 Avg_Return:-76.8468
root - INFO - Episode: 1565 	 Avg_Return:-75.5047
root - INFO - Episode: 1566 	 Avg_Return:-75.4004
root - INFO - Episode: 1567 	 Avg_Return:-75.6093
root - INFO - Episode: 1568 	 Avg_Return:-75.0090
root - INFO - Episode: 1569 	 Avg_Return:-74.8397
root - INFO - Episode: 1570 	 Avg_Return:-75.5724
root - INFO - Episode: 1571 	 Avg_Return:-75.8683
root - INFO - Episode: 1572 	 Avg_Return:-77.5533
root - INFO - Episode: 1573 	 Avg_Return:-76.4512
root - INFO - Episode: 1574 	 Avg_Return:-76.9039
root - INFO - Episode: 1575 	 Avg_Return:-77.1082
root - INFO - Episode: 1576 	 Avg_Return:-77.2628
root - INFO - Episode: 1577 	 Avg_Return:-77.3810
root - INFO - Episode: 1578 	 Avg_Return:-76.8397
root - INFO - Episode: 1579 	 Avg_Return:-78.0591
root - INFO - Episode: 1580 	 Avg_Return:-78.7933
root - INFO - Episode: 1581 	 Avg_Return:-77.8173
root - INFO - Episode: 1582 	 Avg_Return:-77.2657
root - INFO - Episode: 1583 	 Avg_Return:-77.7795
root - INFO - Episode: 1584 	 Avg_Return:-77.4488
root - INFO - Episode: 1585 	 Avg_Return:-77.4856
root - INFO - Episode: 1586 	 Avg_Return:-76.5860
root - INFO - Episode: 1587 	 Avg_Return:-76.0313
root - INFO - Episode: 1588 	 Avg_Return:-75.9419
root - INFO - Episode: 1589 	 Avg_Return:-75.8488
root - INFO - Episode: 1590 	 Avg_Return:-75.6879
root - INFO - Episode: 1591 	 Avg_Return:-75.3657
root - INFO - Episode: 1592 	 Avg_Return:-74.3851
root - INFO - Episode: 1593 	 Avg_Return:-74.1745
root - INFO - Episode: 1594 	 Avg_Return:-74.4072
root - INFO - Episode: 1595 	 Avg_Return:-73.9739
root - INFO - Episode: 1596 	 Avg_Return:-73.6075
root - INFO - Episode: 1597 	 Avg_Return:-72.9904
root - INFO - Episode: 1598 	 Avg_Return:-73.7789
root - INFO - Episode: 1599 	 Avg_Return:-73.2685
root - INFO - Episode: 1600 	 Avg_Return:-73.3260
root - INFO - Episode: 1601 	 Avg_Return:-74.9133
root - INFO - Episode: 1602 	 Avg_Return:-74.8878
root - INFO - Episode: 1603 	 Avg_Return:-74.8998
root - INFO - Episode: 1604 	 Avg_Return:-74.7138
root - INFO - Episode: 1605 	 Avg_Return:-74.7706
root - INFO - Episode: 1606 	 Avg_Return:-73.9981
root - INFO - Episode: 1607 	 Avg_Return:-73.8939
root - INFO - Episode: 1608 	 Avg_Return:-73.9323
root - INFO - Episode: 1609 	 Avg_Return:-74.3861
root - INFO - Episode: 1610 	 Avg_Return:-72.7271
root - INFO - Episode: 1611 	 Avg_Return:-72.5200
root - INFO - Episode: 1612 	 Avg_Return:-72.8109
root - INFO - Episode: 1613 	 Avg_Return:-72.4344
root - INFO - Episode: 1614 	 Avg_Return:-72.5963
root - INFO - Episode: 1615 	 Avg_Return:-72.2100
root - INFO - Episode: 1616 	 Avg_Return:-71.6485
root - INFO - Episode: 1617 	 Avg_Return:-70.7563
root - INFO - Episode: 1618 	 Avg_Return:-70.2755
root - INFO - Episode: 1619 	 Avg_Return:-69.9269
root - INFO - Episode: 1620 	 Avg_Return:-71.1825
root - INFO - Episode: 1621 	 Avg_Return:-70.5153
root - INFO - Episode: 1622 	 Avg_Return:-71.7855
root - INFO - Episode: 1623 	 Avg_Return:-71.5388
root - INFO - Episode: 1624 	 Avg_Return:-70.1600
root - INFO - Episode: 1625 	 Avg_Return:-69.3834
root - INFO - Episode: 1626 	 Avg_Return:-69.0202
root - INFO - Episode: 1627 	 Avg_Return:-69.1420
root - INFO - Episode: 1628 	 Avg_Return:-68.5582
root - INFO - Episode: 1629 	 Avg_Return:-68.0517
root - INFO - Episode: 1630 	 Avg_Return:-67.6240
root - INFO - Episode: 1631 	 Avg_Return:-67.3670
root - INFO - 
 Performance has improved. Saving model.

root - INFO - Episode: 1632 	 Avg_Return:-65.4168
root - INFO - 
 Performance has improved. Saving model.

root - INFO - Episode: 1633 	 Avg_Return:-64.2196
root - INFO - 
 Performance has improved. Saving model.

root - INFO - Episode: 1634 	 Avg_Return:-63.1062
root - INFO - 
 Performance has improved. Saving model.

root - INFO - Episode: 1635 	 Avg_Return:-62.9061
root - INFO - 
 Performance has improved. Saving model.

root - INFO - Episode: 1636 	 Avg_Return:-62.0051
root - INFO - Episode: 1637 	 Avg_Return:-62.3305
root - INFO - 
 Performance has improved. Saving model.

root - INFO - Episode: 1638 	 Avg_Return:-61.2150
root - INFO - Episode: 1639 	 Avg_Return:-61.7389
root - INFO - Episode: 1640 	 Avg_Return:-62.0067
root - INFO - 
 Performance has improved. Saving model.

root - INFO - Episode: 1641 	 Avg_Return:-60.9653
root - INFO - 
 Performance has improved. Saving model.

root - INFO - Episode: 1642 	 Avg_Return:-59.0124
root - INFO - Episode: 1643 	 Avg_Return:-59.3590
root - INFO - 
 Performance has improved. Saving model.

root - INFO - Episode: 1644 	 Avg_Return:-58.4754
root - INFO - Episode: 1645 	 Avg_Return:-58.6768
root - INFO - Episode: 1646 	 Avg_Return:-59.4781
root - INFO - Episode: 1647 	 Avg_Return:-60.1427
root - INFO - Episode: 1648 	 Avg_Return:-60.8827
root - INFO - Episode: 1649 	 Avg_Return:-60.3147
root - INFO - Episode: 1650 	 Avg_Return:-62.3075
root - INFO - Episode: 1651 	 Avg_Return:-62.2906
root - INFO - Episode: 1652 	 Avg_Return:-61.4958
root - INFO - Episode: 1653 	 Avg_Return:-61.1486
root - INFO - Episode: 1654 	 Avg_Return:-60.1213
root - INFO - Episode: 1655 	 Avg_Return:-60.5917
root - INFO - Episode: 1656 	 Avg_Return:-62.2733
root - INFO - Episode: 1657 	 Avg_Return:-61.1779
root - INFO - Episode: 1658 	 Avg_Return:-59.7104
root - INFO - Episode: 1659 	 Avg_Return:-59.5678
root - INFO - Episode: 1660 	 Avg_Return:-62.4329
root - INFO - Episode: 1661 	 Avg_Return:-58.6218
root - INFO - Episode: 1662 	 Avg_Return:-59.2732
root - INFO - Episode: 1663 	 Avg_Return:-59.7408
root - INFO - Episode: 1664 	 Avg_Return:-60.0465
root - INFO - Episode: 1665 	 Avg_Return:-59.0001
root - INFO - Episode: 1666 	 Avg_Return:-58.5087
root - INFO - Episode: 1667 	 Avg_Return:-58.8626
root - INFO - Episode: 1668 	 Avg_Return:-58.8140
root - INFO - Episode: 1669 	 Avg_Return:-58.8384
root - INFO - Episode: 1670 	 Avg_Return:-59.5438
root - INFO - Episode: 1671 	 Avg_Return:-61.2863
root - INFO - Episode: 1672 	 Avg_Return:-59.8175
root - INFO - Episode: 1673 	 Avg_Return:-60.8068
root - INFO - Episode: 1674 	 Avg_Return:-62.3937
root - INFO - Episode: 1675 	 Avg_Return:-59.6847
root - INFO - Episode: 1676 	 Avg_Return:-61.6458
root - INFO - Episode: 1677 	 Avg_Return:-64.1940
root - INFO - Episode: 1678 	 Avg_Return:-64.2179
root - INFO - Episode: 1679 	 Avg_Return:-63.3227
root - INFO - Episode: 1680 	 Avg_Return:-62.5126
root - INFO - Episode: 1681 	 Avg_Return:-62.5467
root - INFO - Episode: 1682 	 Avg_Return:-62.6668
root - INFO - Episode: 1683 	 Avg_Return:-62.1461
root - INFO - Episode: 1684 	 Avg_Return:-61.7280
root - INFO - Episode: 1685 	 Avg_Return:-62.0361
root - INFO - Episode: 1686 	 Avg_Return:-65.2604
root - INFO - Episode: 1687 	 Avg_Return:-65.6618
root - INFO - Episode: 1688 	 Avg_Return:-66.0536
root - INFO - Episode: 1689 	 Avg_Return:-66.2797
root - INFO - Episode: 1690 	 Avg_Return:-66.5497
root - INFO - Episode: 1691 	 Avg_Return:-63.6956
root - INFO - Episode: 1692 	 Avg_Return:-63.3881
root - INFO - Episode: 1693 	 Avg_Return:-62.7775
root - INFO - Episode: 1694 	 Avg_Return:-61.2579
root - INFO - Episode: 1695 	 Avg_Return:-60.5871
root - INFO - Episode: 1696 	 Avg_Return:-60.9608
root - INFO - Episode: 1697 	 Avg_Return:-60.6719
root - INFO - Episode: 1698 	 Avg_Return:-61.5708
root - INFO - Episode: 1699 	 Avg_Return:-61.9758
root - INFO - Episode: 1700 	 Avg_Return:-60.5313
root - INFO - Episode: 1701 	 Avg_Return:-58.7974
root - INFO - 
 Performance has improved. Saving model.

root - INFO - Episode: 1702 	 Avg_Return:-58.2598
root - INFO - 
 Performance has improved. Saving model.

root - INFO - Episode: 1703 	 Avg_Return:-57.9846
root - INFO - Episode: 1704 	 Avg_Return:-60.7849
root - INFO - Episode: 1705 	 Avg_Return:-60.9179
root - INFO - Episode: 1706 	 Avg_Return:-60.6689
root - INFO - Episode: 1707 	 Avg_Return:-63.1550
root - INFO - Episode: 1708 	 Avg_Return:-63.6225
root - INFO - Episode: 1709 	 Avg_Return:-63.6329
root - INFO - Episode: 1710 	 Avg_Return:-64.3553
root - INFO - Episode: 1711 	 Avg_Return:-65.6072
root - INFO - Episode: 1712 	 Avg_Return:-64.4500
root - INFO - Episode: 1713 	 Avg_Return:-64.9128
root - INFO - Episode: 1714 	 Avg_Return:-66.5016
root - INFO - Episode: 1715 	 Avg_Return:-66.0296
root - INFO - Episode: 1716 	 Avg_Return:-65.4789
root - INFO - Episode: 1717 	 Avg_Return:-64.7475
root - INFO - Episode: 1718 	 Avg_Return:-64.8715
root - INFO - Episode: 1719 	 Avg_Return:-64.5204
root - INFO - Episode: 1720 	 Avg_Return:-64.1363
root - INFO - Episode: 1721 	 Avg_Return:-63.9700
root - INFO - Episode: 1722 	 Avg_Return:-63.5400
root - INFO - Episode: 1723 	 Avg_Return:-63.2436
root - INFO - Episode: 1724 	 Avg_Return:-65.4009
root - INFO - Episode: 1725 	 Avg_Return:-65.1889
root - INFO - Episode: 1726 	 Avg_Return:-68.2393
root - INFO - Episode: 1727 	 Avg_Return:-64.9123
root - INFO - Episode: 1728 	 Avg_Return:-64.7795
root - INFO - Episode: 1729 	 Avg_Return:-64.7847
root - INFO - Episode: 1730 	 Avg_Return:-64.0429
root - INFO - Episode: 1731 	 Avg_Return:-68.5348
root - INFO - Episode: 1732 	 Avg_Return:-70.4647
root - INFO - Episode: 1733 	 Avg_Return:-70.4629
root - INFO - Episode: 1734 	 Avg_Return:-72.6515
root - INFO - Episode: 1735 	 Avg_Return:-72.6958
root - INFO - Episode: 1736 	 Avg_Return:-71.7447
root - INFO - Episode: 1737 	 Avg_Return:-70.5391
root - INFO - Episode: 1738 	 Avg_Return:-70.8433
root - INFO - Episode: 1739 	 Avg_Return:-70.2020
root - INFO - Episode: 1740 	 Avg_Return:-69.4697
root - INFO - Episode: 1741 	 Avg_Return:-72.0091
